ERROR [2024-01-17 13:49:47,240] [Thread-0] (SQLViewQueryRewriter.java:97) - Database is already closed (to disable automatic closing at VM shutdown, add ";DB_CLOSE_ON_EXIT=FALSE" to the db URL) [90121-195]
org.h2.jdbc.JdbcSQLException: Database is already closed (to disable automatic closing at VM shutdown, add ";DB_CLOSE_ON_EXIT=FALSE" to the db URL) [90121-195]
	at org.h2.message.DbException.getJdbcSQLException(DbException.java:345) ~[h2-1.4.195.jar:1.4.195]
	at org.h2.message.DbException.get(DbException.java:179) ~[h2-1.4.195.jar:1.4.195]
	at org.h2.message.DbException.get(DbException.java:155) ~[h2-1.4.195.jar:1.4.195]
	at org.h2.message.DbException.get(DbException.java:144) ~[h2-1.4.195.jar:1.4.195]
	at org.h2.jdbc.JdbcConnection.checkClosed(JdbcConnection.java:1484) ~[h2-1.4.195.jar:1.4.195]
	at org.h2.jdbc.JdbcConnection.checkClosed(JdbcConnection.java:1459) ~[h2-1.4.195.jar:1.4.195]
	at org.h2.jdbc.JdbcConnection.prepareStatement(JdbcConnection.java:286) ~[h2-1.4.195.jar:1.4.195]
	at org.apache.commons.dbcp2.DelegatingConnection.prepareStatement(DelegatingConnection.java:288) ~[commons-dbcp2-2.0.jar:2.0]
	at org.apache.commons.dbcp2.DelegatingConnection.prepareStatement(DelegatingConnection.java:288) ~[commons-dbcp2-2.0.jar:2.0]
	at ch.epfl.gsn.storage.StorageManager.executeDropView(StorageManager.java:454) ~[classes/:?]
	at ch.epfl.gsn.storage.StorageManager.executeDropView(StorageManager.java:446) ~[classes/:?]
	at ch.epfl.gsn.beans.windowing.SQLViewQueryRewriter.dispose(SQLViewQueryRewriter.java:95) [classes/:?]
	at ch.epfl.gsn.beans.windowing.TupleBasedSlidingHandler.removeStreamSource(TupleBasedSlidingHandler.java:182) [classes/:?]
	at ch.epfl.gsn.wrappers.AbstractWrapper.removeListener(AbstractWrapper.java:134) [classes/:?]
	at ch.epfl.gsn.VSensorLoader.releaseStreamSource(VSensorLoader.java:343) [classes/:?]
	at ch.epfl.gsn.VSensorLoader.removeAllVSResources(VSensorLoader.java:332) [classes/:?]
	at ch.epfl.gsn.VSensorLoader.stopLoading(VSensorLoader.java:513) [classes/:?]
	at ch.epfl.gsn.Main$1.run(Main.java:270) [classes/:?]
ERROR [2024-01-17 13:49:47,308] [Thread-0] (SQLValidatorIntegration.java:68) - Connection is broken: "session closed" [90067-195]
org.h2.message.DbException: Connection is broken: "session closed" [90067-195]
	at org.h2.message.DbException.get(DbException.java:179) ~[h2-1.4.195.jar:1.4.195]
	at org.h2.message.DbException.get(DbException.java:155) ~[h2-1.4.195.jar:1.4.195]
	at org.h2.engine.Session.prepareLocal(Session.java:550) ~[h2-1.4.195.jar:1.4.195]
	at org.h2.engine.Session.prepareCommand(Session.java:514) ~[h2-1.4.195.jar:1.4.195]
	at ch.epfl.gsn.storage.SQLValidator.executeDDL(SQLValidator.java:85) ~[classes/:?]
	at ch.epfl.gsn.vsensor.SQLValidatorIntegration.vsUnLoading(SQLValidatorIntegration.java:66) [classes/:?]
	at ch.epfl.gsn.VSensorLoader.fireVSensorUnLoading(VSensorLoader.java:96) [classes/:?]
	at ch.epfl.gsn.VSensorLoader.removeAllVSResources(VSensorLoader.java:336) [classes/:?]
	at ch.epfl.gsn.VSensorLoader.stopLoading(VSensorLoader.java:513) [classes/:?]
	at ch.epfl.gsn.Main$1.run(Main.java:270) [classes/:?]
Caused by: org.h2.jdbc.JdbcSQLException: Connection is broken: "session closed" [90067-195]
	at org.h2.message.DbException.getJdbcSQLException(DbException.java:345) ~[h2-1.4.195.jar:1.4.195]
	... 10 more
ERROR [2024-01-17 13:49:47,309] [Thread-0] (VSensorLoader.java:97) - Unloading failed !
java.lang.RuntimeException: Unloading : multiformattemperaturehandler is failed.
	at ch.epfl.gsn.VSensorLoader.fireVSensorUnLoading(VSensorLoader.java:97) [classes/:?]
	at ch.epfl.gsn.VSensorLoader.removeAllVSResources(VSensorLoader.java:336) [classes/:?]
	at ch.epfl.gsn.VSensorLoader.stopLoading(VSensorLoader.java:513) [classes/:?]
	at ch.epfl.gsn.Main$1.run(Main.java:270) [classes/:?]
ERROR [2024-01-17 13:49:47,317] [Thread-0] (SQLValidatorIntegration.java:68) - Connection is broken: "session closed" [90067-195]
org.h2.message.DbException: Connection is broken: "session closed" [90067-195]
	at org.h2.message.DbException.get(DbException.java:179) ~[h2-1.4.195.jar:1.4.195]
	at org.h2.message.DbException.get(DbException.java:155) ~[h2-1.4.195.jar:1.4.195]
	at org.h2.engine.Session.prepareLocal(Session.java:550) ~[h2-1.4.195.jar:1.4.195]
	at org.h2.engine.Session.prepareCommand(Session.java:514) ~[h2-1.4.195.jar:1.4.195]
	at ch.epfl.gsn.storage.SQLValidator.executeDDL(SQLValidator.java:85) ~[classes/:?]
	at ch.epfl.gsn.vsensor.SQLValidatorIntegration.vsUnLoading(SQLValidatorIntegration.java:66) [classes/:?]
	at ch.epfl.gsn.VSensorLoader.fireVSensorUnLoading(VSensorLoader.java:96) [classes/:?]
	at ch.epfl.gsn.VSensorLoader.removeAllVSResources(VSensorLoader.java:336) [classes/:?]
	at ch.epfl.gsn.VSensorLoader.stopLoading(VSensorLoader.java:513) [classes/:?]
	at ch.epfl.gsn.Main$1.run(Main.java:270) [classes/:?]
Caused by: org.h2.jdbc.JdbcSQLException: Connection is broken: "session closed" [90067-195]
	at org.h2.message.DbException.getJdbcSQLException(DbException.java:345) ~[h2-1.4.195.jar:1.4.195]
	... 10 more
ERROR [2024-01-17 13:49:47,318] [Thread-0] (VSensorLoader.java:97) - Unloading failed !
java.lang.RuntimeException: Unloading : multiformattemperaturehandlerzeromq is failed.
	at ch.epfl.gsn.VSensorLoader.fireVSensorUnLoading(VSensorLoader.java:97) [classes/:?]
	at ch.epfl.gsn.VSensorLoader.removeAllVSResources(VSensorLoader.java:336) [classes/:?]
	at ch.epfl.gsn.VSensorLoader.stopLoading(VSensorLoader.java:513) [classes/:?]
	at ch.epfl.gsn.Main$1.run(Main.java:270) [classes/:?]
ERROR [2024-01-17 13:49:47,319] [Thread-0] (SQLValidatorIntegration.java:68) - Connection is broken: "session closed" [90067-195]
org.h2.message.DbException: Connection is broken: "session closed" [90067-195]
	at org.h2.message.DbException.get(DbException.java:179) ~[h2-1.4.195.jar:1.4.195]
	at org.h2.message.DbException.get(DbException.java:155) ~[h2-1.4.195.jar:1.4.195]
	at org.h2.engine.Session.prepareLocal(Session.java:550) ~[h2-1.4.195.jar:1.4.195]
	at org.h2.engine.Session.prepareCommand(Session.java:514) ~[h2-1.4.195.jar:1.4.195]
	at ch.epfl.gsn.storage.SQLValidator.executeDDL(SQLValidator.java:85) ~[classes/:?]
	at ch.epfl.gsn.vsensor.SQLValidatorIntegration.vsUnLoading(SQLValidatorIntegration.java:66) [classes/:?]
	at ch.epfl.gsn.VSensorLoader.fireVSensorUnLoading(VSensorLoader.java:96) [classes/:?]
	at ch.epfl.gsn.VSensorLoader.removeAllVSResources(VSensorLoader.java:336) [classes/:?]
	at ch.epfl.gsn.VSensorLoader.stopLoading(VSensorLoader.java:513) [classes/:?]
	at ch.epfl.gsn.Main$1.run(Main.java:270) [classes/:?]
Caused by: org.h2.jdbc.JdbcSQLException: Connection is broken: "session closed" [90067-195]
	at org.h2.message.DbException.getJdbcSQLException(DbException.java:345) ~[h2-1.4.195.jar:1.4.195]
	... 10 more
ERROR [2024-01-17 13:49:47,319] [Thread-0] (VSensorLoader.java:97) - Unloading failed !
java.lang.RuntimeException: Unloading : multiformattemperaturehandler1 is failed.
	at ch.epfl.gsn.VSensorLoader.fireVSensorUnLoading(VSensorLoader.java:97) [classes/:?]
	at ch.epfl.gsn.VSensorLoader.removeAllVSResources(VSensorLoader.java:336) [classes/:?]
	at ch.epfl.gsn.VSensorLoader.stopLoading(VSensorLoader.java:513) [classes/:?]
	at ch.epfl.gsn.Main$1.run(Main.java:270) [classes/:?]
ERROR [2024-01-17 13:49:47,322] [Thread-0] (SQLValidatorIntegration.java:68) - Connection is broken: "session closed" [90067-195]
org.h2.message.DbException: Connection is broken: "session closed" [90067-195]
	at org.h2.message.DbException.get(DbException.java:179) ~[h2-1.4.195.jar:1.4.195]
	at org.h2.message.DbException.get(DbException.java:155) ~[h2-1.4.195.jar:1.4.195]
	at org.h2.engine.Session.prepareLocal(Session.java:550) ~[h2-1.4.195.jar:1.4.195]
	at org.h2.engine.Session.prepareCommand(Session.java:514) ~[h2-1.4.195.jar:1.4.195]
	at ch.epfl.gsn.storage.SQLValidator.executeDDL(SQLValidator.java:85) ~[classes/:?]
	at ch.epfl.gsn.vsensor.SQLValidatorIntegration.vsUnLoading(SQLValidatorIntegration.java:66) [classes/:?]
	at ch.epfl.gsn.VSensorLoader.fireVSensorUnLoading(VSensorLoader.java:96) [classes/:?]
	at ch.epfl.gsn.VSensorLoader.removeAllVSResources(VSensorLoader.java:336) [classes/:?]
	at ch.epfl.gsn.VSensorLoader.stopLoading(VSensorLoader.java:513) [classes/:?]
	at ch.epfl.gsn.Main$1.run(Main.java:270) [classes/:?]
Caused by: org.h2.jdbc.JdbcSQLException: Connection is broken: "session closed" [90067-195]
	at org.h2.message.DbException.getJdbcSQLException(DbException.java:345) ~[h2-1.4.195.jar:1.4.195]
	... 10 more
ERROR [2024-01-17 13:49:47,322] [Thread-0] (VSensorLoader.java:97) - Unloading failed !
java.lang.RuntimeException: Unloading : sensormonitorvs is failed.
	at ch.epfl.gsn.VSensorLoader.fireVSensorUnLoading(VSensorLoader.java:97) [classes/:?]
	at ch.epfl.gsn.VSensorLoader.removeAllVSResources(VSensorLoader.java:336) [classes/:?]
	at ch.epfl.gsn.VSensorLoader.stopLoading(VSensorLoader.java:513) [classes/:?]
	at ch.epfl.gsn.Main$1.run(Main.java:270) [classes/:?]
ERROR [2024-01-17 13:49:47,331] [Thread-0] (SQLValidatorIntegration.java:68) - Connection is broken: "session closed" [90067-195]
org.h2.message.DbException: Connection is broken: "session closed" [90067-195]
	at org.h2.message.DbException.get(DbException.java:179) ~[h2-1.4.195.jar:1.4.195]
	at org.h2.message.DbException.get(DbException.java:155) ~[h2-1.4.195.jar:1.4.195]
	at org.h2.engine.Session.prepareLocal(Session.java:550) ~[h2-1.4.195.jar:1.4.195]
	at org.h2.engine.Session.prepareCommand(Session.java:514) ~[h2-1.4.195.jar:1.4.195]
	at ch.epfl.gsn.storage.SQLValidator.executeDDL(SQLValidator.java:85) ~[classes/:?]
	at ch.epfl.gsn.vsensor.SQLValidatorIntegration.vsUnLoading(SQLValidatorIntegration.java:66) [classes/:?]
	at ch.epfl.gsn.VSensorLoader.fireVSensorUnLoading(VSensorLoader.java:96) [classes/:?]
	at ch.epfl.gsn.VSensorLoader.removeAllVSResources(VSensorLoader.java:336) [classes/:?]
	at ch.epfl.gsn.VSensorLoader.stopLoading(VSensorLoader.java:513) [classes/:?]
	at ch.epfl.gsn.Main$1.run(Main.java:270) [classes/:?]
Caused by: org.h2.jdbc.JdbcSQLException: Connection is broken: "session closed" [90067-195]
	at org.h2.message.DbException.getJdbcSQLException(DbException.java:345) ~[h2-1.4.195.jar:1.4.195]
	... 10 more
ERROR [2024-01-17 13:49:47,333] [Thread-0] (VSensorLoader.java:97) - Unloading failed !
java.lang.RuntimeException: Unloading : systemmonitorvs is failed.
	at ch.epfl.gsn.VSensorLoader.fireVSensorUnLoading(VSensorLoader.java:97) [classes/:?]
	at ch.epfl.gsn.VSensorLoader.removeAllVSResources(VSensorLoader.java:336) [classes/:?]
	at ch.epfl.gsn.VSensorLoader.stopLoading(VSensorLoader.java:513) [classes/:?]
	at ch.epfl.gsn.Main$1.run(Main.java:270) [classes/:?]
ERROR [2024-01-17 14:19:17,506] [Thread-0] (SQLViewQueryRewriter.java:97) - Database is already closed (to disable automatic closing at VM shutdown, add ";DB_CLOSE_ON_EXIT=FALSE" to the db URL) [90121-195]
org.h2.jdbc.JdbcSQLException: Database is already closed (to disable automatic closing at VM shutdown, add ";DB_CLOSE_ON_EXIT=FALSE" to the db URL) [90121-195]
	at org.h2.message.DbException.getJdbcSQLException(DbException.java:345) ~[h2-1.4.195.jar:1.4.195]
	at org.h2.message.DbException.get(DbException.java:179) ~[h2-1.4.195.jar:1.4.195]
	at org.h2.message.DbException.get(DbException.java:155) ~[h2-1.4.195.jar:1.4.195]
	at org.h2.message.DbException.get(DbException.java:144) ~[h2-1.4.195.jar:1.4.195]
	at org.h2.jdbc.JdbcConnection.checkClosed(JdbcConnection.java:1484) ~[h2-1.4.195.jar:1.4.195]
	at org.h2.jdbc.JdbcConnection.checkClosed(JdbcConnection.java:1459) ~[h2-1.4.195.jar:1.4.195]
	at org.h2.jdbc.JdbcConnection.prepareStatement(JdbcConnection.java:286) ~[h2-1.4.195.jar:1.4.195]
	at org.apache.commons.dbcp2.DelegatingConnection.prepareStatement(DelegatingConnection.java:288) ~[commons-dbcp2-2.0.jar:2.0]
	at org.apache.commons.dbcp2.DelegatingConnection.prepareStatement(DelegatingConnection.java:288) ~[commons-dbcp2-2.0.jar:2.0]
	at ch.epfl.gsn.storage.StorageManager.executeDropView(StorageManager.java:454) ~[classes/:?]
	at ch.epfl.gsn.storage.StorageManager.executeDropView(StorageManager.java:446) ~[classes/:?]
	at ch.epfl.gsn.beans.windowing.SQLViewQueryRewriter.dispose(SQLViewQueryRewriter.java:95) [classes/:?]
	at ch.epfl.gsn.beans.windowing.TupleBasedSlidingHandler.removeStreamSource(TupleBasedSlidingHandler.java:182) [classes/:?]
	at ch.epfl.gsn.wrappers.AbstractWrapper.removeListener(AbstractWrapper.java:134) [classes/:?]
	at ch.epfl.gsn.VSensorLoader.releaseStreamSource(VSensorLoader.java:343) [classes/:?]
	at ch.epfl.gsn.VSensorLoader.removeAllVSResources(VSensorLoader.java:332) [classes/:?]
	at ch.epfl.gsn.VSensorLoader.stopLoading(VSensorLoader.java:513) [classes/:?]
	at ch.epfl.gsn.Main$1.run(Main.java:270) [classes/:?]
ERROR [2024-01-17 14:19:17,564] [Thread-0] (SQLValidatorIntegration.java:68) - Connection is broken: "session closed" [90067-195]
org.h2.message.DbException: Connection is broken: "session closed" [90067-195]
	at org.h2.message.DbException.get(DbException.java:179) ~[h2-1.4.195.jar:1.4.195]
	at org.h2.message.DbException.get(DbException.java:155) ~[h2-1.4.195.jar:1.4.195]
	at org.h2.engine.Session.prepareLocal(Session.java:550) ~[h2-1.4.195.jar:1.4.195]
	at org.h2.engine.Session.prepareCommand(Session.java:514) ~[h2-1.4.195.jar:1.4.195]
	at ch.epfl.gsn.storage.SQLValidator.executeDDL(SQLValidator.java:85) ~[classes/:?]
	at ch.epfl.gsn.vsensor.SQLValidatorIntegration.vsUnLoading(SQLValidatorIntegration.java:66) [classes/:?]
	at ch.epfl.gsn.VSensorLoader.fireVSensorUnLoading(VSensorLoader.java:96) [classes/:?]
	at ch.epfl.gsn.VSensorLoader.removeAllVSResources(VSensorLoader.java:336) [classes/:?]
	at ch.epfl.gsn.VSensorLoader.stopLoading(VSensorLoader.java:513) [classes/:?]
	at ch.epfl.gsn.Main$1.run(Main.java:270) [classes/:?]
Caused by: org.h2.jdbc.JdbcSQLException: Connection is broken: "session closed" [90067-195]
	at org.h2.message.DbException.getJdbcSQLException(DbException.java:345) ~[h2-1.4.195.jar:1.4.195]
	... 10 more
ERROR [2024-01-17 14:19:17,564] [Thread-0] (VSensorLoader.java:97) - Unloading failed !
java.lang.RuntimeException: Unloading : multiformattemperaturehandler is failed.
	at ch.epfl.gsn.VSensorLoader.fireVSensorUnLoading(VSensorLoader.java:97) [classes/:?]
	at ch.epfl.gsn.VSensorLoader.removeAllVSResources(VSensorLoader.java:336) [classes/:?]
	at ch.epfl.gsn.VSensorLoader.stopLoading(VSensorLoader.java:513) [classes/:?]
	at ch.epfl.gsn.Main$1.run(Main.java:270) [classes/:?]
ERROR [2024-01-17 14:19:17,569] [Thread-0] (SQLValidatorIntegration.java:68) - Connection is broken: "session closed" [90067-195]
org.h2.message.DbException: Connection is broken: "session closed" [90067-195]
	at org.h2.message.DbException.get(DbException.java:179) ~[h2-1.4.195.jar:1.4.195]
	at org.h2.message.DbException.get(DbException.java:155) ~[h2-1.4.195.jar:1.4.195]
	at org.h2.engine.Session.prepareLocal(Session.java:550) ~[h2-1.4.195.jar:1.4.195]
	at org.h2.engine.Session.prepareCommand(Session.java:514) ~[h2-1.4.195.jar:1.4.195]
	at ch.epfl.gsn.storage.SQLValidator.executeDDL(SQLValidator.java:85) ~[classes/:?]
	at ch.epfl.gsn.vsensor.SQLValidatorIntegration.vsUnLoading(SQLValidatorIntegration.java:66) [classes/:?]
	at ch.epfl.gsn.VSensorLoader.fireVSensorUnLoading(VSensorLoader.java:96) [classes/:?]
	at ch.epfl.gsn.VSensorLoader.removeAllVSResources(VSensorLoader.java:336) [classes/:?]
	at ch.epfl.gsn.VSensorLoader.stopLoading(VSensorLoader.java:513) [classes/:?]
	at ch.epfl.gsn.Main$1.run(Main.java:270) [classes/:?]
Caused by: org.h2.jdbc.JdbcSQLException: Connection is broken: "session closed" [90067-195]
	at org.h2.message.DbException.getJdbcSQLException(DbException.java:345) ~[h2-1.4.195.jar:1.4.195]
	... 10 more
ERROR [2024-01-17 14:19:17,571] [Thread-0] (VSensorLoader.java:97) - Unloading failed !
java.lang.RuntimeException: Unloading : multiformattemperaturehandlerzeromq is failed.
	at ch.epfl.gsn.VSensorLoader.fireVSensorUnLoading(VSensorLoader.java:97) [classes/:?]
	at ch.epfl.gsn.VSensorLoader.removeAllVSResources(VSensorLoader.java:336) [classes/:?]
	at ch.epfl.gsn.VSensorLoader.stopLoading(VSensorLoader.java:513) [classes/:?]
	at ch.epfl.gsn.Main$1.run(Main.java:270) [classes/:?]
ERROR [2024-01-17 14:19:17,575] [Thread-0] (SQLValidatorIntegration.java:68) - Connection is broken: "session closed" [90067-195]
org.h2.message.DbException: Connection is broken: "session closed" [90067-195]
	at org.h2.message.DbException.get(DbException.java:179) ~[h2-1.4.195.jar:1.4.195]
	at org.h2.message.DbException.get(DbException.java:155) ~[h2-1.4.195.jar:1.4.195]
	at org.h2.engine.Session.prepareLocal(Session.java:550) ~[h2-1.4.195.jar:1.4.195]
	at org.h2.engine.Session.prepareCommand(Session.java:514) ~[h2-1.4.195.jar:1.4.195]
	at ch.epfl.gsn.storage.SQLValidator.executeDDL(SQLValidator.java:85) ~[classes/:?]
	at ch.epfl.gsn.vsensor.SQLValidatorIntegration.vsUnLoading(SQLValidatorIntegration.java:66) [classes/:?]
	at ch.epfl.gsn.VSensorLoader.fireVSensorUnLoading(VSensorLoader.java:96) [classes/:?]
	at ch.epfl.gsn.VSensorLoader.removeAllVSResources(VSensorLoader.java:336) [classes/:?]
	at ch.epfl.gsn.VSensorLoader.stopLoading(VSensorLoader.java:513) [classes/:?]
	at ch.epfl.gsn.Main$1.run(Main.java:270) [classes/:?]
Caused by: org.h2.jdbc.JdbcSQLException: Connection is broken: "session closed" [90067-195]
	at org.h2.message.DbException.getJdbcSQLException(DbException.java:345) ~[h2-1.4.195.jar:1.4.195]
	... 10 more
ERROR [2024-01-17 14:19:17,576] [Thread-0] (VSensorLoader.java:97) - Unloading failed !
java.lang.RuntimeException: Unloading : multiformattemperaturehandler1 is failed.
	at ch.epfl.gsn.VSensorLoader.fireVSensorUnLoading(VSensorLoader.java:97) [classes/:?]
	at ch.epfl.gsn.VSensorLoader.removeAllVSResources(VSensorLoader.java:336) [classes/:?]
	at ch.epfl.gsn.VSensorLoader.stopLoading(VSensorLoader.java:513) [classes/:?]
	at ch.epfl.gsn.Main$1.run(Main.java:270) [classes/:?]
ERROR [2024-01-17 14:19:17,579] [Thread-0] (SQLValidatorIntegration.java:68) - Connection is broken: "session closed" [90067-195]
org.h2.message.DbException: Connection is broken: "session closed" [90067-195]
	at org.h2.message.DbException.get(DbException.java:179) ~[h2-1.4.195.jar:1.4.195]
	at org.h2.message.DbException.get(DbException.java:155) ~[h2-1.4.195.jar:1.4.195]
	at org.h2.engine.Session.prepareLocal(Session.java:550) ~[h2-1.4.195.jar:1.4.195]
	at org.h2.engine.Session.prepareCommand(Session.java:514) ~[h2-1.4.195.jar:1.4.195]
	at ch.epfl.gsn.storage.SQLValidator.executeDDL(SQLValidator.java:85) ~[classes/:?]
	at ch.epfl.gsn.vsensor.SQLValidatorIntegration.vsUnLoading(SQLValidatorIntegration.java:66) [classes/:?]
	at ch.epfl.gsn.VSensorLoader.fireVSensorUnLoading(VSensorLoader.java:96) [classes/:?]
	at ch.epfl.gsn.VSensorLoader.removeAllVSResources(VSensorLoader.java:336) [classes/:?]
	at ch.epfl.gsn.VSensorLoader.stopLoading(VSensorLoader.java:513) [classes/:?]
	at ch.epfl.gsn.Main$1.run(Main.java:270) [classes/:?]
Caused by: org.h2.jdbc.JdbcSQLException: Connection is broken: "session closed" [90067-195]
	at org.h2.message.DbException.getJdbcSQLException(DbException.java:345) ~[h2-1.4.195.jar:1.4.195]
	... 10 more
ERROR [2024-01-17 14:19:17,579] [Thread-0] (VSensorLoader.java:97) - Unloading failed !
java.lang.RuntimeException: Unloading : sensormonitorvs is failed.
	at ch.epfl.gsn.VSensorLoader.fireVSensorUnLoading(VSensorLoader.java:97) [classes/:?]
	at ch.epfl.gsn.VSensorLoader.removeAllVSResources(VSensorLoader.java:336) [classes/:?]
	at ch.epfl.gsn.VSensorLoader.stopLoading(VSensorLoader.java:513) [classes/:?]
	at ch.epfl.gsn.Main$1.run(Main.java:270) [classes/:?]
ERROR [2024-01-17 14:19:17,580] [Thread-0] (SQLValidatorIntegration.java:68) - Connection is broken: "session closed" [90067-195]
org.h2.message.DbException: Connection is broken: "session closed" [90067-195]
	at org.h2.message.DbException.get(DbException.java:179) ~[h2-1.4.195.jar:1.4.195]
	at org.h2.message.DbException.get(DbException.java:155) ~[h2-1.4.195.jar:1.4.195]
	at org.h2.engine.Session.prepareLocal(Session.java:550) ~[h2-1.4.195.jar:1.4.195]
	at org.h2.engine.Session.prepareCommand(Session.java:514) ~[h2-1.4.195.jar:1.4.195]
	at ch.epfl.gsn.storage.SQLValidator.executeDDL(SQLValidator.java:85) ~[classes/:?]
	at ch.epfl.gsn.vsensor.SQLValidatorIntegration.vsUnLoading(SQLValidatorIntegration.java:66) [classes/:?]
	at ch.epfl.gsn.VSensorLoader.fireVSensorUnLoading(VSensorLoader.java:96) [classes/:?]
	at ch.epfl.gsn.VSensorLoader.removeAllVSResources(VSensorLoader.java:336) [classes/:?]
	at ch.epfl.gsn.VSensorLoader.stopLoading(VSensorLoader.java:513) [classes/:?]
	at ch.epfl.gsn.Main$1.run(Main.java:270) [classes/:?]
Caused by: org.h2.jdbc.JdbcSQLException: Connection is broken: "session closed" [90067-195]
	at org.h2.message.DbException.getJdbcSQLException(DbException.java:345) ~[h2-1.4.195.jar:1.4.195]
	... 10 more
ERROR [2024-01-17 14:19:17,581] [Thread-0] (VSensorLoader.java:97) - Unloading failed !
java.lang.RuntimeException: Unloading : systemmonitorvs is failed.
	at ch.epfl.gsn.VSensorLoader.fireVSensorUnLoading(VSensorLoader.java:97) [classes/:?]
	at ch.epfl.gsn.VSensorLoader.removeAllVSResources(VSensorLoader.java:336) [classes/:?]
	at ch.epfl.gsn.VSensorLoader.stopLoading(VSensorLoader.java:513) [classes/:?]
	at ch.epfl.gsn.Main$1.run(Main.java:270) [classes/:?]
ERROR [2024-01-17 15:31:49,726] [Thread-0] (SQLValidatorIntegration.java:68) - Connection is broken: "session closed" [90067-195]
org.h2.message.DbException: Connection is broken: "session closed" [90067-195]
	at org.h2.message.DbException.get(DbException.java:179) ~[h2-1.4.195.jar:1.4.195]
	at org.h2.message.DbException.get(DbException.java:155) ~[h2-1.4.195.jar:1.4.195]
	at org.h2.engine.Session.prepareLocal(Session.java:550) ~[h2-1.4.195.jar:1.4.195]
	at org.h2.engine.Session.prepareCommand(Session.java:514) ~[h2-1.4.195.jar:1.4.195]
	at ch.epfl.gsn.storage.SQLValidator.executeDDL(SQLValidator.java:85) ~[classes/:?]
	at ch.epfl.gsn.vsensor.SQLValidatorIntegration.vsUnLoading(SQLValidatorIntegration.java:66) [classes/:?]
	at ch.epfl.gsn.VSensorLoader.fireVSensorUnLoading(VSensorLoader.java:95) [classes/:?]
	at ch.epfl.gsn.VSensorLoader.removeAllVSResources(VSensorLoader.java:345) [classes/:?]
	at ch.epfl.gsn.VSensorLoader.stopLoading(VSensorLoader.java:530) [classes/:?]
	at ch.epfl.gsn.Main$1.run(Main.java:278) [classes/:?]
Caused by: org.h2.jdbc.JdbcSQLException: Connection is broken: "session closed" [90067-195]
	at org.h2.message.DbException.getJdbcSQLException(DbException.java:345) ~[h2-1.4.195.jar:1.4.195]
	... 10 more
ERROR [2024-01-17 15:31:49,735] [Thread-0] (VSensorLoader.java:96) - Unloading failed !
java.lang.RuntimeException: Unloading : multiformattemperaturehandler is failed.
	at ch.epfl.gsn.VSensorLoader.fireVSensorUnLoading(VSensorLoader.java:96) [classes/:?]
	at ch.epfl.gsn.VSensorLoader.removeAllVSResources(VSensorLoader.java:345) [classes/:?]
	at ch.epfl.gsn.VSensorLoader.stopLoading(VSensorLoader.java:530) [classes/:?]
	at ch.epfl.gsn.Main$1.run(Main.java:278) [classes/:?]
ERROR [2024-01-17 15:58:20,774] [Thread-0] (SQLValidatorIntegration.java:68) - Connection is broken: "session closed" [90067-195]
org.h2.message.DbException: Connection is broken: "session closed" [90067-195]
	at org.h2.message.DbException.get(DbException.java:179) ~[h2-1.4.195.jar:1.4.195]
	at org.h2.message.DbException.get(DbException.java:155) ~[h2-1.4.195.jar:1.4.195]
	at org.h2.engine.Session.prepareLocal(Session.java:550) ~[h2-1.4.195.jar:1.4.195]
	at org.h2.engine.Session.prepareCommand(Session.java:514) ~[h2-1.4.195.jar:1.4.195]
	at ch.epfl.gsn.storage.SQLValidator.executeDDL(SQLValidator.java:85) ~[classes/:?]
	at ch.epfl.gsn.vsensor.SQLValidatorIntegration.vsUnLoading(SQLValidatorIntegration.java:66) [classes/:?]
	at ch.epfl.gsn.VSensorLoader.fireVSensorUnLoading(VSensorLoader.java:95) [classes/:?]
	at ch.epfl.gsn.VSensorLoader.removeAllVSResources(VSensorLoader.java:345) [classes/:?]
	at ch.epfl.gsn.VSensorLoader.stopLoading(VSensorLoader.java:530) [classes/:?]
	at ch.epfl.gsn.Main$1.run(Main.java:278) [classes/:?]
Caused by: org.h2.jdbc.JdbcSQLException: Connection is broken: "session closed" [90067-195]
	at org.h2.message.DbException.getJdbcSQLException(DbException.java:345) ~[h2-1.4.195.jar:1.4.195]
	... 10 more
ERROR [2024-01-17 15:58:20,778] [Thread-0] (VSensorLoader.java:96) - Unloading failed !
java.lang.RuntimeException: Unloading : multiformattemperaturehandler is failed.
	at ch.epfl.gsn.VSensorLoader.fireVSensorUnLoading(VSensorLoader.java:96) [classes/:?]
	at ch.epfl.gsn.VSensorLoader.removeAllVSResources(VSensorLoader.java:345) [classes/:?]
	at ch.epfl.gsn.VSensorLoader.stopLoading(VSensorLoader.java:530) [classes/:?]
	at ch.epfl.gsn.Main$1.run(Main.java:278) [classes/:?]
ERROR [2024-01-17 16:03:49,242] [Thread-0] (SQLViewQueryRewriter.java:97) - Database is already closed (to disable automatic closing at VM shutdown, add ";DB_CLOSE_ON_EXIT=FALSE" to the db URL) [90121-195]
org.h2.jdbc.JdbcSQLException: Database is already closed (to disable automatic closing at VM shutdown, add ";DB_CLOSE_ON_EXIT=FALSE" to the db URL) [90121-195]
	at org.h2.message.DbException.getJdbcSQLException(DbException.java:345) ~[h2-1.4.195.jar:1.4.195]
	at org.h2.message.DbException.get(DbException.java:179) ~[h2-1.4.195.jar:1.4.195]
	at org.h2.message.DbException.get(DbException.java:155) ~[h2-1.4.195.jar:1.4.195]
	at org.h2.message.DbException.get(DbException.java:144) ~[h2-1.4.195.jar:1.4.195]
	at org.h2.jdbc.JdbcConnection.checkClosed(JdbcConnection.java:1484) ~[h2-1.4.195.jar:1.4.195]
	at org.h2.jdbc.JdbcConnection.checkClosed(JdbcConnection.java:1459) ~[h2-1.4.195.jar:1.4.195]
	at org.h2.jdbc.JdbcConnection.prepareStatement(JdbcConnection.java:286) ~[h2-1.4.195.jar:1.4.195]
	at org.apache.commons.dbcp2.DelegatingConnection.prepareStatement(DelegatingConnection.java:288) ~[commons-dbcp2-2.0.jar:2.0]
	at org.apache.commons.dbcp2.DelegatingConnection.prepareStatement(DelegatingConnection.java:288) ~[commons-dbcp2-2.0.jar:2.0]
	at ch.epfl.gsn.storage.StorageManager.executeDropView(StorageManager.java:454) ~[classes/:?]
	at ch.epfl.gsn.storage.StorageManager.executeDropView(StorageManager.java:446) ~[classes/:?]
	at ch.epfl.gsn.beans.windowing.SQLViewQueryRewriter.dispose(SQLViewQueryRewriter.java:95) [classes/:?]
	at ch.epfl.gsn.beans.windowing.TupleBasedSlidingHandler.removeStreamSource(TupleBasedSlidingHandler.java:182) [classes/:?]
	at ch.epfl.gsn.wrappers.AbstractWrapper.removeListener(AbstractWrapper.java:134) [classes/:?]
	at ch.epfl.gsn.VSensorLoader.releaseStreamSource(VSensorLoader.java:352) [classes/:?]
	at ch.epfl.gsn.VSensorLoader.removeAllVSResources(VSensorLoader.java:340) [classes/:?]
	at ch.epfl.gsn.VSensorLoader.stopLoading(VSensorLoader.java:530) [classes/:?]
	at ch.epfl.gsn.Main$1.run(Main.java:278) [classes/:?]
ERROR [2024-01-17 16:03:49,287] [Thread-0] (SQLValidatorIntegration.java:68) - Connection is broken: "session closed" [90067-195]
org.h2.message.DbException: Connection is broken: "session closed" [90067-195]
	at org.h2.message.DbException.get(DbException.java:179) ~[h2-1.4.195.jar:1.4.195]
	at org.h2.message.DbException.get(DbException.java:155) ~[h2-1.4.195.jar:1.4.195]
	at org.h2.engine.Session.prepareLocal(Session.java:550) ~[h2-1.4.195.jar:1.4.195]
	at org.h2.engine.Session.prepareCommand(Session.java:514) ~[h2-1.4.195.jar:1.4.195]
	at ch.epfl.gsn.storage.SQLValidator.executeDDL(SQLValidator.java:85) ~[classes/:?]
	at ch.epfl.gsn.vsensor.SQLValidatorIntegration.vsUnLoading(SQLValidatorIntegration.java:66) [classes/:?]
	at ch.epfl.gsn.VSensorLoader.fireVSensorUnLoading(VSensorLoader.java:95) [classes/:?]
	at ch.epfl.gsn.VSensorLoader.removeAllVSResources(VSensorLoader.java:345) [classes/:?]
	at ch.epfl.gsn.VSensorLoader.stopLoading(VSensorLoader.java:530) [classes/:?]
	at ch.epfl.gsn.Main$1.run(Main.java:278) [classes/:?]
Caused by: org.h2.jdbc.JdbcSQLException: Connection is broken: "session closed" [90067-195]
	at org.h2.message.DbException.getJdbcSQLException(DbException.java:345) ~[h2-1.4.195.jar:1.4.195]
	... 10 more
ERROR [2024-01-17 16:03:49,288] [Thread-0] (VSensorLoader.java:96) - Unloading failed !
java.lang.RuntimeException: Unloading : multiformattemperaturehandler is failed.
	at ch.epfl.gsn.VSensorLoader.fireVSensorUnLoading(VSensorLoader.java:96) [classes/:?]
	at ch.epfl.gsn.VSensorLoader.removeAllVSResources(VSensorLoader.java:345) [classes/:?]
	at ch.epfl.gsn.VSensorLoader.stopLoading(VSensorLoader.java:530) [classes/:?]
	at ch.epfl.gsn.Main$1.run(Main.java:278) [classes/:?]
ERROR [2024-01-18 07:49:03,179] [Thread-0] (SQLViewQueryRewriter.java:97) - Database is already closed (to disable automatic closing at VM shutdown, add ";DB_CLOSE_ON_EXIT=FALSE" to the db URL) [90121-195]
org.h2.jdbc.JdbcSQLException: Database is already closed (to disable automatic closing at VM shutdown, add ";DB_CLOSE_ON_EXIT=FALSE" to the db URL) [90121-195]
	at org.h2.message.DbException.getJdbcSQLException(DbException.java:345) ~[h2-1.4.195.jar:1.4.195]
	at org.h2.message.DbException.get(DbException.java:179) ~[h2-1.4.195.jar:1.4.195]
	at org.h2.message.DbException.get(DbException.java:155) ~[h2-1.4.195.jar:1.4.195]
	at org.h2.message.DbException.get(DbException.java:144) ~[h2-1.4.195.jar:1.4.195]
	at org.h2.jdbc.JdbcConnection.checkClosed(JdbcConnection.java:1484) ~[h2-1.4.195.jar:1.4.195]
	at org.h2.jdbc.JdbcConnection.checkClosed(JdbcConnection.java:1459) ~[h2-1.4.195.jar:1.4.195]
	at org.h2.jdbc.JdbcConnection.prepareStatement(JdbcConnection.java:286) ~[h2-1.4.195.jar:1.4.195]
	at org.apache.commons.dbcp2.DelegatingConnection.prepareStatement(DelegatingConnection.java:288) ~[commons-dbcp2-2.0.jar:2.0]
	at org.apache.commons.dbcp2.DelegatingConnection.prepareStatement(DelegatingConnection.java:288) ~[commons-dbcp2-2.0.jar:2.0]
	at ch.epfl.gsn.storage.StorageManager.executeDropView(StorageManager.java:466) ~[classes/:?]
	at ch.epfl.gsn.storage.StorageManager.executeDropView(StorageManager.java:458) ~[classes/:?]
	at ch.epfl.gsn.beans.windowing.SQLViewQueryRewriter.dispose(SQLViewQueryRewriter.java:95) [classes/:?]
	at ch.epfl.gsn.beans.windowing.TupleBasedSlidingHandler.removeStreamSource(TupleBasedSlidingHandler.java:182) [classes/:?]
	at ch.epfl.gsn.wrappers.AbstractWrapper.removeListener(AbstractWrapper.java:136) [classes/:?]
	at ch.epfl.gsn.VSensorLoader.releaseStreamSource(VSensorLoader.java:352) [classes/:?]
	at ch.epfl.gsn.VSensorLoader.removeAllVSResources(VSensorLoader.java:340) [classes/:?]
	at ch.epfl.gsn.VSensorLoader.stopLoading(VSensorLoader.java:530) [classes/:?]
	at ch.epfl.gsn.Main$1.run(Main.java:278) [classes/:?]
ERROR [2024-01-18 07:49:03,229] [Thread-0] (SQLValidatorIntegration.java:68) - Connection is broken: "session closed" [90067-195]
org.h2.message.DbException: Connection is broken: "session closed" [90067-195]
	at org.h2.message.DbException.get(DbException.java:179) ~[h2-1.4.195.jar:1.4.195]
	at org.h2.message.DbException.get(DbException.java:155) ~[h2-1.4.195.jar:1.4.195]
	at org.h2.engine.Session.prepareLocal(Session.java:550) ~[h2-1.4.195.jar:1.4.195]
	at org.h2.engine.Session.prepareCommand(Session.java:514) ~[h2-1.4.195.jar:1.4.195]
	at ch.epfl.gsn.storage.SQLValidator.executeDDL(SQLValidator.java:87) ~[classes/:?]
	at ch.epfl.gsn.vsensor.SQLValidatorIntegration.vsUnLoading(SQLValidatorIntegration.java:66) [classes/:?]
	at ch.epfl.gsn.VSensorLoader.fireVSensorUnLoading(VSensorLoader.java:95) [classes/:?]
	at ch.epfl.gsn.VSensorLoader.removeAllVSResources(VSensorLoader.java:345) [classes/:?]
	at ch.epfl.gsn.VSensorLoader.stopLoading(VSensorLoader.java:530) [classes/:?]
	at ch.epfl.gsn.Main$1.run(Main.java:278) [classes/:?]
Caused by: org.h2.jdbc.JdbcSQLException: Connection is broken: "session closed" [90067-195]
	at org.h2.message.DbException.getJdbcSQLException(DbException.java:345) ~[h2-1.4.195.jar:1.4.195]
	... 10 more
ERROR [2024-01-18 07:49:03,230] [Thread-0] (VSensorLoader.java:96) - Unloading failed !
java.lang.RuntimeException: Unloading : multiformattemperaturehandler is failed.
	at ch.epfl.gsn.VSensorLoader.fireVSensorUnLoading(VSensorLoader.java:96) [classes/:?]
	at ch.epfl.gsn.VSensorLoader.removeAllVSResources(VSensorLoader.java:345) [classes/:?]
	at ch.epfl.gsn.VSensorLoader.stopLoading(VSensorLoader.java:530) [classes/:?]
	at ch.epfl.gsn.Main$1.run(Main.java:278) [classes/:?]
