INFO  [2024-01-17 13:49:14,637] [main] (Main.java:301) - Loading wrappers.properties at : ../conf/wrappers.properties
INFO  [2024-01-17 13:49:14,638] [main] (Main.java:303) - Wrappers initialization ...
INFO  [2024-01-17 13:49:14,791] [main] (DataSources.java:58) - Created a DataSource to: jdbc:h2:/tmp/GsnMemDb;AUTO_SERVER=TRUE
INFO  [2024-01-17 13:49:15,019] [main] (StorageManager.java:79) - StorageManager DB connection initialized successfuly. driver:org.h2.Driver url:jdbc:h2:/tmp/GsnMemDb;AUTO_SERVER=TRUE
INFO  [2024-01-17 13:49:15,020] [main] (StorageManager.java:79) - StorageManager DB connection initialized successfuly. driver:org.h2.Driver url:jdbc:h2:/tmp/GsnMemDb;AUTO_SERVER=TRUE
INFO  [2024-01-17 13:49:15,020] [main] (DataSources.java:58) - Created a DataSource to: jdbc:h2:mem:validator
INFO  [2024-01-17 13:49:15,022] [main] (StorageManager.java:79) - StorageManager DB connection initialized successfuly. driver:org.h2.Driver url:jdbc:h2:mem:validator
INFO  [2024-01-17 13:49:15,211] [VSensorLoader-Thread0] (VSensorLoader.java:257) - adding : multiformattemperaturehandler virtual sensor[/home/vagrant/gsn/gsn-core/../virtual-sensors/multiFormatSample.xml]
INFO  [2024-01-17 13:49:15,212] [VSensorLoader-Thread0] (Mappings.java:55) - Testing the pool for :multiformattemperaturehandler
INFO  [2024-01-17 13:49:15,226] [VSensorLoader-Thread0] (DataDistributer.java:125) - Adding a listener to Distributer:DefaultDistributionRequest Request[[ Delivery System: ch.epfl.gsn.networking.zeromq.ZeroMQDeliveryAsync],[Query:select * from multiformattemperaturehandler],[startTime:1705499355224],[VirtualSensorName:multiformattemperaturehandler]]
INFO  [2024-01-17 13:49:15,240] [VSensorLoader-Thread0] (VSensorLoader.java:257) - adding : multiformattemperaturehandler1 virtual sensor[/home/vagrant/gsn/gsn-core/../virtual-sensors/multiFormatSample1.xml]
INFO  [2024-01-17 13:49:15,240] [VSensorLoader-Thread0] (Mappings.java:55) - Testing the pool for :multiformattemperaturehandler1
INFO  [2024-01-17 13:49:15,241] [VSensorLoader-Thread0] (DataDistributer.java:125) - Adding a listener to Distributer:DefaultDistributionRequest Request[[ Delivery System: ch.epfl.gsn.networking.zeromq.ZeroMQDeliveryAsync],[Query:select * from multiformattemperaturehandler1],[startTime:1705499355241],[VirtualSensorName:multiformattemperaturehandler1]]
INFO  [2024-01-17 13:49:15,277] [VSensorLoader-Thread0] (VSensorLoader.java:257) - adding : multiformattemperaturehandlerzeromq virtual sensor[/home/vagrant/gsn/gsn-core/../virtual-sensors/multiFormatZeromq.xml]
INFO  [2024-01-17 13:49:15,277] [VSensorLoader-Thread0] (Mappings.java:55) - Testing the pool for :multiformattemperaturehandlerzeromq
INFO  [2024-01-17 13:49:15,418] [VSensorLoader-Thread0] (DataDistributer.java:125) - Adding a listener to Distributer:DefaultDistributionRequest Request[[ Delivery System: ch.epfl.gsn.networking.zeromq.ZeroMQDeliveryAsync],[Query:select * from multiformattemperaturehandlerzeromq],[startTime:1705499355418],[VirtualSensorName:multiformattemperaturehandlerzeromq]]
INFO  [2024-01-17 13:49:15,423] [VSensorLoader-Thread0] (VSensorLoader.java:257) - adding : sensormonitorvs virtual sensor[/home/vagrant/gsn/gsn-core/../virtual-sensors/sensorMonitoring.xml]
INFO  [2024-01-17 13:49:15,423] [VSensorLoader-Thread0] (Mappings.java:55) - Testing the pool for :sensormonitorvs
INFO  [2024-01-17 13:49:15,424] [VSensorLoader-Thread0] (DataDistributer.java:125) - Adding a listener to Distributer:DefaultDistributionRequest Request[[ Delivery System: ch.epfl.gsn.networking.zeromq.ZeroMQDeliveryAsync],[Query:select * from sensormonitorvs],[startTime:1705499355423],[VirtualSensorName:sensormonitorvs]]
INFO  [2024-01-17 13:49:15,437] [VSensorLoader-Thread0] (VSensorLoader.java:257) - adding : systemmonitorvs virtual sensor[/home/vagrant/gsn/gsn-core/../virtual-sensors/systemMonitoring.xml]
INFO  [2024-01-17 13:49:15,437] [VSensorLoader-Thread0] (Mappings.java:55) - Testing the pool for :systemmonitorvs
INFO  [2024-01-17 13:49:15,438] [VSensorLoader-Thread0] (DataDistributer.java:125) - Adding a listener to Distributer:DefaultDistributionRequest Request[[ Delivery System: ch.epfl.gsn.networking.zeromq.ZeroMQDeliveryAsync],[Query:select * from systemmonitorvs],[startTime:1705499355438],[VirtualSensorName:systemmonitorvs]]
INFO  [2024-01-17 13:49:47,227] [Thread-0] (Main.java:268) - Shutting down GSN...
INFO  [2024-01-17 13:49:47,231] [Thread-0] (VSensorLoader.java:329) - Releasing previously used resources used by [multiformattemperaturehandler].
ERROR [2024-01-17 13:49:47,240] [Thread-0] (SQLViewQueryRewriter.java:97) - Database is already closed (to disable automatic closing at VM shutdown, add ";DB_CLOSE_ON_EXIT=FALSE" to the db URL) [90121-195]
org.h2.jdbc.JdbcSQLException: Database is already closed (to disable automatic closing at VM shutdown, add ";DB_CLOSE_ON_EXIT=FALSE" to the db URL) [90121-195]
	at org.h2.message.DbException.getJdbcSQLException(DbException.java:345) ~[h2-1.4.195.jar:1.4.195]
	at org.h2.message.DbException.get(DbException.java:179) ~[h2-1.4.195.jar:1.4.195]
	at org.h2.message.DbException.get(DbException.java:155) ~[h2-1.4.195.jar:1.4.195]
	at org.h2.message.DbException.get(DbException.java:144) ~[h2-1.4.195.jar:1.4.195]
	at org.h2.jdbc.JdbcConnection.checkClosed(JdbcConnection.java:1484) ~[h2-1.4.195.jar:1.4.195]
	at org.h2.jdbc.JdbcConnection.checkClosed(JdbcConnection.java:1459) ~[h2-1.4.195.jar:1.4.195]
	at org.h2.jdbc.JdbcConnection.prepareStatement(JdbcConnection.java:286) ~[h2-1.4.195.jar:1.4.195]
	at org.apache.commons.dbcp2.DelegatingConnection.prepareStatement(DelegatingConnection.java:288) ~[commons-dbcp2-2.0.jar:2.0]
	at org.apache.commons.dbcp2.DelegatingConnection.prepareStatement(DelegatingConnection.java:288) ~[commons-dbcp2-2.0.jar:2.0]
	at ch.epfl.gsn.storage.StorageManager.executeDropView(StorageManager.java:454) ~[classes/:?]
	at ch.epfl.gsn.storage.StorageManager.executeDropView(StorageManager.java:446) ~[classes/:?]
	at ch.epfl.gsn.beans.windowing.SQLViewQueryRewriter.dispose(SQLViewQueryRewriter.java:95) [classes/:?]
	at ch.epfl.gsn.beans.windowing.TupleBasedSlidingHandler.removeStreamSource(TupleBasedSlidingHandler.java:182) [classes/:?]
	at ch.epfl.gsn.wrappers.AbstractWrapper.removeListener(AbstractWrapper.java:134) [classes/:?]
	at ch.epfl.gsn.VSensorLoader.releaseStreamSource(VSensorLoader.java:343) [classes/:?]
	at ch.epfl.gsn.VSensorLoader.removeAllVSResources(VSensorLoader.java:332) [classes/:?]
	at ch.epfl.gsn.VSensorLoader.stopLoading(VSensorLoader.java:513) [classes/:?]
	at ch.epfl.gsn.Main$1.run(Main.java:270) [classes/:?]
INFO  [2024-01-17 13:49:47,244] [Thread-0] (AbstractWrapper.java:414) - dispose called
INFO  [2024-01-17 13:49:47,308] [Thread-0] (StorageManager.java:438) - Cannot drop "__123783990" because "__1331670855" depends on it; SQL statement:
Drop table if exists __123783990 [90107-195]
org.h2.jdbc.JdbcSQLException: Cannot drop "__123783990" because "__1331670855" depends on it; SQL statement:
Drop table if exists __123783990 [90107-195]
	at org.h2.message.DbException.getJdbcSQLException(DbException.java:345) ~[h2-1.4.195.jar:1.4.195]
	at org.h2.message.DbException.get(DbException.java:179) ~[h2-1.4.195.jar:1.4.195]
	at org.h2.command.ddl.DropTable.prepareDrop(DropTable.java:84) ~[h2-1.4.195.jar:1.4.195]
	at org.h2.command.ddl.DropTable.update(DropTable.java:113) ~[h2-1.4.195.jar:1.4.195]
	at org.h2.command.CommandContainer.update(CommandContainer.java:101) ~[h2-1.4.195.jar:1.4.195]
	at org.h2.command.Command.executeUpdate(Command.java:260) ~[h2-1.4.195.jar:1.4.195]
	at org.h2.jdbc.JdbcPreparedStatement.execute(JdbcPreparedStatement.java:207) ~[h2-1.4.195.jar:1.4.195]
	at org.apache.commons.dbcp2.DelegatingPreparedStatement.execute(DelegatingPreparedStatement.java:197) ~[commons-dbcp2-2.0.jar:2.0]
	at org.apache.commons.dbcp2.DelegatingPreparedStatement.execute(DelegatingPreparedStatement.java:197) ~[commons-dbcp2-2.0.jar:2.0]
	at ch.epfl.gsn.storage.StorageManager.executeDropTable(StorageManager.java:436) [classes/:?]
	at ch.epfl.gsn.storage.StorageManager.executeDropTable(StorageManager.java:420) [classes/:?]
	at ch.epfl.gsn.wrappers.AbstractWrapper.releaseResources(AbstractWrapper.java:419) [classes/:?]
	at ch.epfl.gsn.wrappers.AbstractWrapper.removeListener(AbstractWrapper.java:137) [classes/:?]
	at ch.epfl.gsn.VSensorLoader.releaseStreamSource(VSensorLoader.java:343) [classes/:?]
	at ch.epfl.gsn.VSensorLoader.removeAllVSResources(VSensorLoader.java:332) [classes/:?]
	at ch.epfl.gsn.VSensorLoader.stopLoading(VSensorLoader.java:513) [classes/:?]
	at ch.epfl.gsn.Main$1.run(Main.java:270) [classes/:?]
ERROR [2024-01-17 13:49:47,308] [Thread-0] (SQLValidatorIntegration.java:68) - Connection is broken: "session closed" [90067-195]
org.h2.message.DbException: Connection is broken: "session closed" [90067-195]
	at org.h2.message.DbException.get(DbException.java:179) ~[h2-1.4.195.jar:1.4.195]
	at org.h2.message.DbException.get(DbException.java:155) ~[h2-1.4.195.jar:1.4.195]
	at org.h2.engine.Session.prepareLocal(Session.java:550) ~[h2-1.4.195.jar:1.4.195]
	at org.h2.engine.Session.prepareCommand(Session.java:514) ~[h2-1.4.195.jar:1.4.195]
	at ch.epfl.gsn.storage.SQLValidator.executeDDL(SQLValidator.java:85) ~[classes/:?]
	at ch.epfl.gsn.vsensor.SQLValidatorIntegration.vsUnLoading(SQLValidatorIntegration.java:66) [classes/:?]
	at ch.epfl.gsn.VSensorLoader.fireVSensorUnLoading(VSensorLoader.java:96) [classes/:?]
	at ch.epfl.gsn.VSensorLoader.removeAllVSResources(VSensorLoader.java:336) [classes/:?]
	at ch.epfl.gsn.VSensorLoader.stopLoading(VSensorLoader.java:513) [classes/:?]
	at ch.epfl.gsn.Main$1.run(Main.java:270) [classes/:?]
Caused by: org.h2.jdbc.JdbcSQLException: Connection is broken: "session closed" [90067-195]
	at org.h2.message.DbException.getJdbcSQLException(DbException.java:345) ~[h2-1.4.195.jar:1.4.195]
	... 10 more
ERROR [2024-01-17 13:49:47,309] [Thread-0] (VSensorLoader.java:97) - Unloading failed !
java.lang.RuntimeException: Unloading : multiformattemperaturehandler is failed.
	at ch.epfl.gsn.VSensorLoader.fireVSensorUnLoading(VSensorLoader.java:97) [classes/:?]
	at ch.epfl.gsn.VSensorLoader.removeAllVSResources(VSensorLoader.java:336) [classes/:?]
	at ch.epfl.gsn.VSensorLoader.stopLoading(VSensorLoader.java:513) [classes/:?]
	at ch.epfl.gsn.Main$1.run(Main.java:270) [classes/:?]
INFO  [2024-01-17 13:49:47,309] [Thread-0] (VSensorLoader.java:514) - Removing the resources associated with : /home/vagrant/gsn/gsn-core/../virtual-sensors/multiFormatSample.xml [done].
INFO  [2024-01-17 13:49:47,311] [Thread-0] (VSensorLoader.java:329) - Releasing previously used resources used by [multiformattemperaturehandlerzeromq].
INFO  [2024-01-17 13:49:47,312] [Thread-0] (AbstractWrapper.java:414) - dispose called
ERROR [2024-01-17 13:49:47,317] [Thread-0] (SQLValidatorIntegration.java:68) - Connection is broken: "session closed" [90067-195]
org.h2.message.DbException: Connection is broken: "session closed" [90067-195]
	at org.h2.message.DbException.get(DbException.java:179) ~[h2-1.4.195.jar:1.4.195]
	at org.h2.message.DbException.get(DbException.java:155) ~[h2-1.4.195.jar:1.4.195]
	at org.h2.engine.Session.prepareLocal(Session.java:550) ~[h2-1.4.195.jar:1.4.195]
	at org.h2.engine.Session.prepareCommand(Session.java:514) ~[h2-1.4.195.jar:1.4.195]
	at ch.epfl.gsn.storage.SQLValidator.executeDDL(SQLValidator.java:85) ~[classes/:?]
	at ch.epfl.gsn.vsensor.SQLValidatorIntegration.vsUnLoading(SQLValidatorIntegration.java:66) [classes/:?]
	at ch.epfl.gsn.VSensorLoader.fireVSensorUnLoading(VSensorLoader.java:96) [classes/:?]
	at ch.epfl.gsn.VSensorLoader.removeAllVSResources(VSensorLoader.java:336) [classes/:?]
	at ch.epfl.gsn.VSensorLoader.stopLoading(VSensorLoader.java:513) [classes/:?]
	at ch.epfl.gsn.Main$1.run(Main.java:270) [classes/:?]
Caused by: org.h2.jdbc.JdbcSQLException: Connection is broken: "session closed" [90067-195]
	at org.h2.message.DbException.getJdbcSQLException(DbException.java:345) ~[h2-1.4.195.jar:1.4.195]
	... 10 more
ERROR [2024-01-17 13:49:47,318] [Thread-0] (VSensorLoader.java:97) - Unloading failed !
java.lang.RuntimeException: Unloading : multiformattemperaturehandlerzeromq is failed.
	at ch.epfl.gsn.VSensorLoader.fireVSensorUnLoading(VSensorLoader.java:97) [classes/:?]
	at ch.epfl.gsn.VSensorLoader.removeAllVSResources(VSensorLoader.java:336) [classes/:?]
	at ch.epfl.gsn.VSensorLoader.stopLoading(VSensorLoader.java:513) [classes/:?]
	at ch.epfl.gsn.Main$1.run(Main.java:270) [classes/:?]
INFO  [2024-01-17 13:49:47,318] [Thread-0] (VSensorLoader.java:514) - Removing the resources associated with : /home/vagrant/gsn/gsn-core/../virtual-sensors/multiFormatZeromq.xml [done].
INFO  [2024-01-17 13:49:47,318] [Thread-0] (VSensorLoader.java:329) - Releasing previously used resources used by [multiformattemperaturehandler1].
INFO  [2024-01-17 13:49:47,318] [Thread-0] (AbstractWrapper.java:414) - dispose called
ERROR [2024-01-17 13:49:47,319] [Thread-0] (SQLValidatorIntegration.java:68) - Connection is broken: "session closed" [90067-195]
org.h2.message.DbException: Connection is broken: "session closed" [90067-195]
	at org.h2.message.DbException.get(DbException.java:179) ~[h2-1.4.195.jar:1.4.195]
	at org.h2.message.DbException.get(DbException.java:155) ~[h2-1.4.195.jar:1.4.195]
	at org.h2.engine.Session.prepareLocal(Session.java:550) ~[h2-1.4.195.jar:1.4.195]
	at org.h2.engine.Session.prepareCommand(Session.java:514) ~[h2-1.4.195.jar:1.4.195]
	at ch.epfl.gsn.storage.SQLValidator.executeDDL(SQLValidator.java:85) ~[classes/:?]
	at ch.epfl.gsn.vsensor.SQLValidatorIntegration.vsUnLoading(SQLValidatorIntegration.java:66) [classes/:?]
	at ch.epfl.gsn.VSensorLoader.fireVSensorUnLoading(VSensorLoader.java:96) [classes/:?]
	at ch.epfl.gsn.VSensorLoader.removeAllVSResources(VSensorLoader.java:336) [classes/:?]
	at ch.epfl.gsn.VSensorLoader.stopLoading(VSensorLoader.java:513) [classes/:?]
	at ch.epfl.gsn.Main$1.run(Main.java:270) [classes/:?]
Caused by: org.h2.jdbc.JdbcSQLException: Connection is broken: "session closed" [90067-195]
	at org.h2.message.DbException.getJdbcSQLException(DbException.java:345) ~[h2-1.4.195.jar:1.4.195]
	... 10 more
ERROR [2024-01-17 13:49:47,319] [Thread-0] (VSensorLoader.java:97) - Unloading failed !
java.lang.RuntimeException: Unloading : multiformattemperaturehandler1 is failed.
	at ch.epfl.gsn.VSensorLoader.fireVSensorUnLoading(VSensorLoader.java:97) [classes/:?]
	at ch.epfl.gsn.VSensorLoader.removeAllVSResources(VSensorLoader.java:336) [classes/:?]
	at ch.epfl.gsn.VSensorLoader.stopLoading(VSensorLoader.java:513) [classes/:?]
	at ch.epfl.gsn.Main$1.run(Main.java:270) [classes/:?]
INFO  [2024-01-17 13:49:47,319] [Thread-0] (VSensorLoader.java:514) - Removing the resources associated with : /home/vagrant/gsn/gsn-core/../virtual-sensors/multiFormatSample1.xml [done].
INFO  [2024-01-17 13:49:47,321] [Thread-0] (VSensorLoader.java:329) - Releasing previously used resources used by [sensormonitorvs].
INFO  [2024-01-17 13:49:47,321] [Thread-0] (AbstractWrapper.java:414) - dispose called
ERROR [2024-01-17 13:49:47,322] [Thread-0] (SQLValidatorIntegration.java:68) - Connection is broken: "session closed" [90067-195]
org.h2.message.DbException: Connection is broken: "session closed" [90067-195]
	at org.h2.message.DbException.get(DbException.java:179) ~[h2-1.4.195.jar:1.4.195]
	at org.h2.message.DbException.get(DbException.java:155) ~[h2-1.4.195.jar:1.4.195]
	at org.h2.engine.Session.prepareLocal(Session.java:550) ~[h2-1.4.195.jar:1.4.195]
	at org.h2.engine.Session.prepareCommand(Session.java:514) ~[h2-1.4.195.jar:1.4.195]
	at ch.epfl.gsn.storage.SQLValidator.executeDDL(SQLValidator.java:85) ~[classes/:?]
	at ch.epfl.gsn.vsensor.SQLValidatorIntegration.vsUnLoading(SQLValidatorIntegration.java:66) [classes/:?]
	at ch.epfl.gsn.VSensorLoader.fireVSensorUnLoading(VSensorLoader.java:96) [classes/:?]
	at ch.epfl.gsn.VSensorLoader.removeAllVSResources(VSensorLoader.java:336) [classes/:?]
	at ch.epfl.gsn.VSensorLoader.stopLoading(VSensorLoader.java:513) [classes/:?]
	at ch.epfl.gsn.Main$1.run(Main.java:270) [classes/:?]
Caused by: org.h2.jdbc.JdbcSQLException: Connection is broken: "session closed" [90067-195]
	at org.h2.message.DbException.getJdbcSQLException(DbException.java:345) ~[h2-1.4.195.jar:1.4.195]
	... 10 more
ERROR [2024-01-17 13:49:47,322] [Thread-0] (VSensorLoader.java:97) - Unloading failed !
java.lang.RuntimeException: Unloading : sensormonitorvs is failed.
	at ch.epfl.gsn.VSensorLoader.fireVSensorUnLoading(VSensorLoader.java:97) [classes/:?]
	at ch.epfl.gsn.VSensorLoader.removeAllVSResources(VSensorLoader.java:336) [classes/:?]
	at ch.epfl.gsn.VSensorLoader.stopLoading(VSensorLoader.java:513) [classes/:?]
	at ch.epfl.gsn.Main$1.run(Main.java:270) [classes/:?]
INFO  [2024-01-17 13:49:47,322] [Thread-0] (VSensorLoader.java:514) - Removing the resources associated with : /home/vagrant/gsn/gsn-core/../virtual-sensors/sensorMonitoring.xml [done].
INFO  [2024-01-17 13:49:47,328] [Thread-0] (VSensorLoader.java:329) - Releasing previously used resources used by [systemmonitorvs].
INFO  [2024-01-17 13:49:47,329] [Thread-0] (AbstractWrapper.java:414) - dispose called
ERROR [2024-01-17 13:49:47,331] [Thread-0] (SQLValidatorIntegration.java:68) - Connection is broken: "session closed" [90067-195]
org.h2.message.DbException: Connection is broken: "session closed" [90067-195]
	at org.h2.message.DbException.get(DbException.java:179) ~[h2-1.4.195.jar:1.4.195]
	at org.h2.message.DbException.get(DbException.java:155) ~[h2-1.4.195.jar:1.4.195]
	at org.h2.engine.Session.prepareLocal(Session.java:550) ~[h2-1.4.195.jar:1.4.195]
	at org.h2.engine.Session.prepareCommand(Session.java:514) ~[h2-1.4.195.jar:1.4.195]
	at ch.epfl.gsn.storage.SQLValidator.executeDDL(SQLValidator.java:85) ~[classes/:?]
	at ch.epfl.gsn.vsensor.SQLValidatorIntegration.vsUnLoading(SQLValidatorIntegration.java:66) [classes/:?]
	at ch.epfl.gsn.VSensorLoader.fireVSensorUnLoading(VSensorLoader.java:96) [classes/:?]
	at ch.epfl.gsn.VSensorLoader.removeAllVSResources(VSensorLoader.java:336) [classes/:?]
	at ch.epfl.gsn.VSensorLoader.stopLoading(VSensorLoader.java:513) [classes/:?]
	at ch.epfl.gsn.Main$1.run(Main.java:270) [classes/:?]
Caused by: org.h2.jdbc.JdbcSQLException: Connection is broken: "session closed" [90067-195]
	at org.h2.message.DbException.getJdbcSQLException(DbException.java:345) ~[h2-1.4.195.jar:1.4.195]
	... 10 more
ERROR [2024-01-17 13:49:47,333] [Thread-0] (VSensorLoader.java:97) - Unloading failed !
java.lang.RuntimeException: Unloading : systemmonitorvs is failed.
	at ch.epfl.gsn.VSensorLoader.fireVSensorUnLoading(VSensorLoader.java:97) [classes/:?]
	at ch.epfl.gsn.VSensorLoader.removeAllVSResources(VSensorLoader.java:336) [classes/:?]
	at ch.epfl.gsn.VSensorLoader.stopLoading(VSensorLoader.java:513) [classes/:?]
	at ch.epfl.gsn.Main$1.run(Main.java:270) [classes/:?]
INFO  [2024-01-17 13:49:47,334] [Thread-0] (VSensorLoader.java:514) - Removing the resources associated with : /home/vagrant/gsn/gsn-core/../virtual-sensors/systemMonitoring.xml [done].
WARN  [2024-01-17 13:49:47,339] [Thread-0] (H2StorageManager.java:212) - Closing the database server (for HSqlDB) [done].
WARN  [2024-01-17 13:49:47,341] [Thread-0] (H2StorageManager.java:213) - Closing the connection pool [done].
WARN  [2024-01-17 13:49:47,341] [Thread-0] (StorageManager.java:384) - Closing the connection pool [done].
WARN  [2024-01-17 13:49:47,388] [Thread-0] (H2StorageManager.java:212) - Closing the database server (for HSqlDB) [done].
WARN  [2024-01-17 13:49:47,388] [Thread-0] (H2StorageManager.java:213) - Closing the connection pool [done].
WARN  [2024-01-17 13:49:47,388] [Thread-0] (StorageManager.java:384) - Closing the connection pool [done].
WARN  [2024-01-17 13:49:47,434] [Thread-0] (H2StorageManager.java:212) - Closing the database server (for HSqlDB) [done].
WARN  [2024-01-17 13:49:47,434] [Thread-0] (H2StorageManager.java:213) - Closing the connection pool [done].
WARN  [2024-01-17 13:49:47,434] [Thread-0] (StorageManager.java:384) - Closing the connection pool [done].
WARN  [2024-01-17 13:49:47,484] [Thread-0] (H2StorageManager.java:212) - Closing the database server (for HSqlDB) [done].
WARN  [2024-01-17 13:49:47,484] [Thread-0] (H2StorageManager.java:213) - Closing the connection pool [done].
WARN  [2024-01-17 13:49:47,484] [Thread-0] (StorageManager.java:384) - Closing the connection pool [done].
WARN  [2024-01-17 13:49:47,527] [Thread-0] (H2StorageManager.java:212) - Closing the database server (for HSqlDB) [done].
WARN  [2024-01-17 13:49:47,527] [Thread-0] (H2StorageManager.java:213) - Closing the connection pool [done].
WARN  [2024-01-17 13:49:47,527] [Thread-0] (StorageManager.java:384) - Closing the connection pool [done].
WARN  [2024-01-17 13:49:47,579] [Thread-0] (H2StorageManager.java:212) - Closing the database server (for HSqlDB) [done].
WARN  [2024-01-17 13:49:47,579] [Thread-0] (H2StorageManager.java:213) - Closing the connection pool [done].
WARN  [2024-01-17 13:49:47,580] [Thread-0] (StorageManager.java:384) - Closing the connection pool [done].
INFO  [2024-01-17 13:49:47,580] [Thread-0] (Main.java:271) - All virtual sensors have been stopped, shutting down virtual machine.
INFO  [2024-01-17 14:19:09,906] [main] (Main.java:301) - Loading wrappers.properties at : ../conf/wrappers.properties
INFO  [2024-01-17 14:19:09,907] [main] (Main.java:303) - Wrappers initialization ...
INFO  [2024-01-17 14:19:10,070] [main] (DataSources.java:58) - Created a DataSource to: jdbc:h2:/tmp/GsnMemDb;AUTO_SERVER=TRUE
INFO  [2024-01-17 14:19:10,383] [main] (StorageManager.java:79) - StorageManager DB connection initialized successfuly. driver:org.h2.Driver url:jdbc:h2:/tmp/GsnMemDb;AUTO_SERVER=TRUE
INFO  [2024-01-17 14:19:10,384] [main] (StorageManager.java:79) - StorageManager DB connection initialized successfuly. driver:org.h2.Driver url:jdbc:h2:/tmp/GsnMemDb;AUTO_SERVER=TRUE
INFO  [2024-01-17 14:19:10,384] [main] (DataSources.java:58) - Created a DataSource to: jdbc:h2:mem:validator
INFO  [2024-01-17 14:19:10,386] [main] (StorageManager.java:79) - StorageManager DB connection initialized successfuly. driver:org.h2.Driver url:jdbc:h2:mem:validator
INFO  [2024-01-17 14:19:10,626] [VSensorLoader-Thread0] (VSensorLoader.java:242) - Reusing the existing multiformattemperaturehandler table.
INFO  [2024-01-17 14:19:10,634] [VSensorLoader-Thread0] (VSensorLoader.java:257) - adding : multiformattemperaturehandler virtual sensor[/home/vagrant/gsn/gsn-core/../virtual-sensors/multiFormatSample.xml]
INFO  [2024-01-17 14:19:10,634] [VSensorLoader-Thread0] (Mappings.java:55) - Testing the pool for :multiformattemperaturehandler
INFO  [2024-01-17 14:19:10,642] [VSensorLoader-Thread0] (DataDistributer.java:125) - Adding a listener to Distributer:DefaultDistributionRequest Request[[ Delivery System: ch.epfl.gsn.networking.zeromq.ZeroMQDeliveryAsync],[Query:select * from multiformattemperaturehandler],[startTime:1705501150641],[VirtualSensorName:multiformattemperaturehandler]]
INFO  [2024-01-17 14:19:10,654] [VSensorLoader-Thread0] (VSensorLoader.java:242) - Reusing the existing multiformattemperaturehandler1 table.
INFO  [2024-01-17 14:19:10,654] [VSensorLoader-Thread0] (VSensorLoader.java:257) - adding : multiformattemperaturehandler1 virtual sensor[/home/vagrant/gsn/gsn-core/../virtual-sensors/multiFormatSample1.xml]
INFO  [2024-01-17 14:19:10,654] [VSensorLoader-Thread0] (Mappings.java:55) - Testing the pool for :multiformattemperaturehandler1
INFO  [2024-01-17 14:19:10,655] [VSensorLoader-Thread0] (DataDistributer.java:125) - Adding a listener to Distributer:DefaultDistributionRequest Request[[ Delivery System: ch.epfl.gsn.networking.zeromq.ZeroMQDeliveryAsync],[Query:select * from multiformattemperaturehandler1],[startTime:1705501150655],[VirtualSensorName:multiformattemperaturehandler1]]
INFO  [2024-01-17 14:19:10,697] [VSensorLoader-Thread0] (VSensorLoader.java:242) - Reusing the existing multiformattemperaturehandlerzeromq table.
INFO  [2024-01-17 14:19:10,697] [VSensorLoader-Thread0] (VSensorLoader.java:257) - adding : multiformattemperaturehandlerzeromq virtual sensor[/home/vagrant/gsn/gsn-core/../virtual-sensors/multiFormatZeromq.xml]
INFO  [2024-01-17 14:19:10,697] [VSensorLoader-Thread0] (Mappings.java:55) - Testing the pool for :multiformattemperaturehandlerzeromq
INFO  [2024-01-17 14:19:10,789] [VSensorLoader-Thread0] (DataDistributer.java:125) - Adding a listener to Distributer:DefaultDistributionRequest Request[[ Delivery System: ch.epfl.gsn.networking.zeromq.ZeroMQDeliveryAsync],[Query:select * from multiformattemperaturehandlerzeromq],[startTime:1705501150789],[VirtualSensorName:multiformattemperaturehandlerzeromq]]
INFO  [2024-01-17 14:19:10,793] [VSensorLoader-Thread0] (VSensorLoader.java:242) - Reusing the existing sensormonitorvs table.
INFO  [2024-01-17 14:19:10,793] [VSensorLoader-Thread0] (VSensorLoader.java:257) - adding : sensormonitorvs virtual sensor[/home/vagrant/gsn/gsn-core/../virtual-sensors/sensorMonitoring.xml]
INFO  [2024-01-17 14:19:10,793] [VSensorLoader-Thread0] (Mappings.java:55) - Testing the pool for :sensormonitorvs
INFO  [2024-01-17 14:19:10,794] [VSensorLoader-Thread0] (DataDistributer.java:125) - Adding a listener to Distributer:DefaultDistributionRequest Request[[ Delivery System: ch.epfl.gsn.networking.zeromq.ZeroMQDeliveryAsync],[Query:select * from sensormonitorvs],[startTime:1705501150794],[VirtualSensorName:sensormonitorvs]]
INFO  [2024-01-17 14:19:10,806] [VSensorLoader-Thread0] (VSensorLoader.java:242) - Reusing the existing systemmonitorvs table.
INFO  [2024-01-17 14:19:10,806] [VSensorLoader-Thread0] (VSensorLoader.java:257) - adding : systemmonitorvs virtual sensor[/home/vagrant/gsn/gsn-core/../virtual-sensors/systemMonitoring.xml]
INFO  [2024-01-17 14:19:10,806] [VSensorLoader-Thread0] (Mappings.java:55) - Testing the pool for :systemmonitorvs
INFO  [2024-01-17 14:19:10,807] [VSensorLoader-Thread0] (DataDistributer.java:125) - Adding a listener to Distributer:DefaultDistributionRequest Request[[ Delivery System: ch.epfl.gsn.networking.zeromq.ZeroMQDeliveryAsync],[Query:select * from systemmonitorvs],[startTime:1705501150807],[VirtualSensorName:systemmonitorvs]]
INFO  [2024-01-17 14:19:17,497] [Thread-0] (Main.java:268) - Shutting down GSN...
INFO  [2024-01-17 14:19:17,497] [Thread-0] (VSensorLoader.java:329) - Releasing previously used resources used by [multiformattemperaturehandler].
ERROR [2024-01-17 14:19:17,506] [Thread-0] (SQLViewQueryRewriter.java:97) - Database is already closed (to disable automatic closing at VM shutdown, add ";DB_CLOSE_ON_EXIT=FALSE" to the db URL) [90121-195]
org.h2.jdbc.JdbcSQLException: Database is already closed (to disable automatic closing at VM shutdown, add ";DB_CLOSE_ON_EXIT=FALSE" to the db URL) [90121-195]
	at org.h2.message.DbException.getJdbcSQLException(DbException.java:345) ~[h2-1.4.195.jar:1.4.195]
	at org.h2.message.DbException.get(DbException.java:179) ~[h2-1.4.195.jar:1.4.195]
	at org.h2.message.DbException.get(DbException.java:155) ~[h2-1.4.195.jar:1.4.195]
	at org.h2.message.DbException.get(DbException.java:144) ~[h2-1.4.195.jar:1.4.195]
	at org.h2.jdbc.JdbcConnection.checkClosed(JdbcConnection.java:1484) ~[h2-1.4.195.jar:1.4.195]
	at org.h2.jdbc.JdbcConnection.checkClosed(JdbcConnection.java:1459) ~[h2-1.4.195.jar:1.4.195]
	at org.h2.jdbc.JdbcConnection.prepareStatement(JdbcConnection.java:286) ~[h2-1.4.195.jar:1.4.195]
	at org.apache.commons.dbcp2.DelegatingConnection.prepareStatement(DelegatingConnection.java:288) ~[commons-dbcp2-2.0.jar:2.0]
	at org.apache.commons.dbcp2.DelegatingConnection.prepareStatement(DelegatingConnection.java:288) ~[commons-dbcp2-2.0.jar:2.0]
	at ch.epfl.gsn.storage.StorageManager.executeDropView(StorageManager.java:454) ~[classes/:?]
	at ch.epfl.gsn.storage.StorageManager.executeDropView(StorageManager.java:446) ~[classes/:?]
	at ch.epfl.gsn.beans.windowing.SQLViewQueryRewriter.dispose(SQLViewQueryRewriter.java:95) [classes/:?]
	at ch.epfl.gsn.beans.windowing.TupleBasedSlidingHandler.removeStreamSource(TupleBasedSlidingHandler.java:182) [classes/:?]
	at ch.epfl.gsn.wrappers.AbstractWrapper.removeListener(AbstractWrapper.java:134) [classes/:?]
	at ch.epfl.gsn.VSensorLoader.releaseStreamSource(VSensorLoader.java:343) [classes/:?]
	at ch.epfl.gsn.VSensorLoader.removeAllVSResources(VSensorLoader.java:332) [classes/:?]
	at ch.epfl.gsn.VSensorLoader.stopLoading(VSensorLoader.java:513) [classes/:?]
	at ch.epfl.gsn.Main$1.run(Main.java:270) [classes/:?]
INFO  [2024-01-17 14:19:17,508] [Thread-0] (AbstractWrapper.java:414) - dispose called
INFO  [2024-01-17 14:19:17,564] [Thread-0] (StorageManager.java:438) - Cannot drop "__1422807750" because "_140271920" depends on it; SQL statement:
Drop table if exists __1422807750 [90107-195]
org.h2.jdbc.JdbcSQLException: Cannot drop "__1422807750" because "_140271920" depends on it; SQL statement:
Drop table if exists __1422807750 [90107-195]
	at org.h2.message.DbException.getJdbcSQLException(DbException.java:345) ~[h2-1.4.195.jar:1.4.195]
	at org.h2.message.DbException.get(DbException.java:179) ~[h2-1.4.195.jar:1.4.195]
	at org.h2.command.ddl.DropTable.prepareDrop(DropTable.java:84) ~[h2-1.4.195.jar:1.4.195]
	at org.h2.command.ddl.DropTable.update(DropTable.java:113) ~[h2-1.4.195.jar:1.4.195]
	at org.h2.command.CommandContainer.update(CommandContainer.java:101) ~[h2-1.4.195.jar:1.4.195]
	at org.h2.command.Command.executeUpdate(Command.java:260) ~[h2-1.4.195.jar:1.4.195]
	at org.h2.jdbc.JdbcPreparedStatement.execute(JdbcPreparedStatement.java:207) ~[h2-1.4.195.jar:1.4.195]
	at org.apache.commons.dbcp2.DelegatingPreparedStatement.execute(DelegatingPreparedStatement.java:197) ~[commons-dbcp2-2.0.jar:2.0]
	at org.apache.commons.dbcp2.DelegatingPreparedStatement.execute(DelegatingPreparedStatement.java:197) ~[commons-dbcp2-2.0.jar:2.0]
	at ch.epfl.gsn.storage.StorageManager.executeDropTable(StorageManager.java:436) [classes/:?]
	at ch.epfl.gsn.storage.StorageManager.executeDropTable(StorageManager.java:420) [classes/:?]
	at ch.epfl.gsn.wrappers.AbstractWrapper.releaseResources(AbstractWrapper.java:419) [classes/:?]
	at ch.epfl.gsn.wrappers.AbstractWrapper.removeListener(AbstractWrapper.java:137) [classes/:?]
	at ch.epfl.gsn.VSensorLoader.releaseStreamSource(VSensorLoader.java:343) [classes/:?]
	at ch.epfl.gsn.VSensorLoader.removeAllVSResources(VSensorLoader.java:332) [classes/:?]
	at ch.epfl.gsn.VSensorLoader.stopLoading(VSensorLoader.java:513) [classes/:?]
	at ch.epfl.gsn.Main$1.run(Main.java:270) [classes/:?]
ERROR [2024-01-17 14:19:17,564] [Thread-0] (SQLValidatorIntegration.java:68) - Connection is broken: "session closed" [90067-195]
org.h2.message.DbException: Connection is broken: "session closed" [90067-195]
	at org.h2.message.DbException.get(DbException.java:179) ~[h2-1.4.195.jar:1.4.195]
	at org.h2.message.DbException.get(DbException.java:155) ~[h2-1.4.195.jar:1.4.195]
	at org.h2.engine.Session.prepareLocal(Session.java:550) ~[h2-1.4.195.jar:1.4.195]
	at org.h2.engine.Session.prepareCommand(Session.java:514) ~[h2-1.4.195.jar:1.4.195]
	at ch.epfl.gsn.storage.SQLValidator.executeDDL(SQLValidator.java:85) ~[classes/:?]
	at ch.epfl.gsn.vsensor.SQLValidatorIntegration.vsUnLoading(SQLValidatorIntegration.java:66) [classes/:?]
	at ch.epfl.gsn.VSensorLoader.fireVSensorUnLoading(VSensorLoader.java:96) [classes/:?]
	at ch.epfl.gsn.VSensorLoader.removeAllVSResources(VSensorLoader.java:336) [classes/:?]
	at ch.epfl.gsn.VSensorLoader.stopLoading(VSensorLoader.java:513) [classes/:?]
	at ch.epfl.gsn.Main$1.run(Main.java:270) [classes/:?]
Caused by: org.h2.jdbc.JdbcSQLException: Connection is broken: "session closed" [90067-195]
	at org.h2.message.DbException.getJdbcSQLException(DbException.java:345) ~[h2-1.4.195.jar:1.4.195]
	... 10 more
ERROR [2024-01-17 14:19:17,564] [Thread-0] (VSensorLoader.java:97) - Unloading failed !
java.lang.RuntimeException: Unloading : multiformattemperaturehandler is failed.
	at ch.epfl.gsn.VSensorLoader.fireVSensorUnLoading(VSensorLoader.java:97) [classes/:?]
	at ch.epfl.gsn.VSensorLoader.removeAllVSResources(VSensorLoader.java:336) [classes/:?]
	at ch.epfl.gsn.VSensorLoader.stopLoading(VSensorLoader.java:513) [classes/:?]
	at ch.epfl.gsn.Main$1.run(Main.java:270) [classes/:?]
INFO  [2024-01-17 14:19:17,565] [Thread-0] (VSensorLoader.java:514) - Removing the resources associated with : /home/vagrant/gsn/gsn-core/../virtual-sensors/multiFormatSample.xml [done].
INFO  [2024-01-17 14:19:17,567] [Thread-0] (VSensorLoader.java:329) - Releasing previously used resources used by [multiformattemperaturehandlerzeromq].
INFO  [2024-01-17 14:19:17,568] [Thread-0] (AbstractWrapper.java:414) - dispose called
ERROR [2024-01-17 14:19:17,569] [Thread-0] (SQLValidatorIntegration.java:68) - Connection is broken: "session closed" [90067-195]
org.h2.message.DbException: Connection is broken: "session closed" [90067-195]
	at org.h2.message.DbException.get(DbException.java:179) ~[h2-1.4.195.jar:1.4.195]
	at org.h2.message.DbException.get(DbException.java:155) ~[h2-1.4.195.jar:1.4.195]
	at org.h2.engine.Session.prepareLocal(Session.java:550) ~[h2-1.4.195.jar:1.4.195]
	at org.h2.engine.Session.prepareCommand(Session.java:514) ~[h2-1.4.195.jar:1.4.195]
	at ch.epfl.gsn.storage.SQLValidator.executeDDL(SQLValidator.java:85) ~[classes/:?]
	at ch.epfl.gsn.vsensor.SQLValidatorIntegration.vsUnLoading(SQLValidatorIntegration.java:66) [classes/:?]
	at ch.epfl.gsn.VSensorLoader.fireVSensorUnLoading(VSensorLoader.java:96) [classes/:?]
	at ch.epfl.gsn.VSensorLoader.removeAllVSResources(VSensorLoader.java:336) [classes/:?]
	at ch.epfl.gsn.VSensorLoader.stopLoading(VSensorLoader.java:513) [classes/:?]
	at ch.epfl.gsn.Main$1.run(Main.java:270) [classes/:?]
Caused by: org.h2.jdbc.JdbcSQLException: Connection is broken: "session closed" [90067-195]
	at org.h2.message.DbException.getJdbcSQLException(DbException.java:345) ~[h2-1.4.195.jar:1.4.195]
	... 10 more
ERROR [2024-01-17 14:19:17,571] [Thread-0] (VSensorLoader.java:97) - Unloading failed !
java.lang.RuntimeException: Unloading : multiformattemperaturehandlerzeromq is failed.
	at ch.epfl.gsn.VSensorLoader.fireVSensorUnLoading(VSensorLoader.java:97) [classes/:?]
	at ch.epfl.gsn.VSensorLoader.removeAllVSResources(VSensorLoader.java:336) [classes/:?]
	at ch.epfl.gsn.VSensorLoader.stopLoading(VSensorLoader.java:513) [classes/:?]
	at ch.epfl.gsn.Main$1.run(Main.java:270) [classes/:?]
INFO  [2024-01-17 14:19:17,573] [Thread-0] (VSensorLoader.java:514) - Removing the resources associated with : /home/vagrant/gsn/gsn-core/../virtual-sensors/multiFormatZeromq.xml [done].
INFO  [2024-01-17 14:19:17,573] [Thread-0] (VSensorLoader.java:329) - Releasing previously used resources used by [multiformattemperaturehandler1].
INFO  [2024-01-17 14:19:17,574] [Thread-0] (AbstractWrapper.java:414) - dispose called
ERROR [2024-01-17 14:19:17,575] [Thread-0] (SQLValidatorIntegration.java:68) - Connection is broken: "session closed" [90067-195]
org.h2.message.DbException: Connection is broken: "session closed" [90067-195]
	at org.h2.message.DbException.get(DbException.java:179) ~[h2-1.4.195.jar:1.4.195]
	at org.h2.message.DbException.get(DbException.java:155) ~[h2-1.4.195.jar:1.4.195]
	at org.h2.engine.Session.prepareLocal(Session.java:550) ~[h2-1.4.195.jar:1.4.195]
	at org.h2.engine.Session.prepareCommand(Session.java:514) ~[h2-1.4.195.jar:1.4.195]
	at ch.epfl.gsn.storage.SQLValidator.executeDDL(SQLValidator.java:85) ~[classes/:?]
	at ch.epfl.gsn.vsensor.SQLValidatorIntegration.vsUnLoading(SQLValidatorIntegration.java:66) [classes/:?]
	at ch.epfl.gsn.VSensorLoader.fireVSensorUnLoading(VSensorLoader.java:96) [classes/:?]
	at ch.epfl.gsn.VSensorLoader.removeAllVSResources(VSensorLoader.java:336) [classes/:?]
	at ch.epfl.gsn.VSensorLoader.stopLoading(VSensorLoader.java:513) [classes/:?]
	at ch.epfl.gsn.Main$1.run(Main.java:270) [classes/:?]
Caused by: org.h2.jdbc.JdbcSQLException: Connection is broken: "session closed" [90067-195]
	at org.h2.message.DbException.getJdbcSQLException(DbException.java:345) ~[h2-1.4.195.jar:1.4.195]
	... 10 more
ERROR [2024-01-17 14:19:17,576] [Thread-0] (VSensorLoader.java:97) - Unloading failed !
java.lang.RuntimeException: Unloading : multiformattemperaturehandler1 is failed.
	at ch.epfl.gsn.VSensorLoader.fireVSensorUnLoading(VSensorLoader.java:97) [classes/:?]
	at ch.epfl.gsn.VSensorLoader.removeAllVSResources(VSensorLoader.java:336) [classes/:?]
	at ch.epfl.gsn.VSensorLoader.stopLoading(VSensorLoader.java:513) [classes/:?]
	at ch.epfl.gsn.Main$1.run(Main.java:270) [classes/:?]
INFO  [2024-01-17 14:19:17,576] [Thread-0] (VSensorLoader.java:514) - Removing the resources associated with : /home/vagrant/gsn/gsn-core/../virtual-sensors/multiFormatSample1.xml [done].
INFO  [2024-01-17 14:19:17,577] [Thread-0] (VSensorLoader.java:329) - Releasing previously used resources used by [sensormonitorvs].
INFO  [2024-01-17 14:19:17,577] [Thread-0] (AbstractWrapper.java:414) - dispose called
ERROR [2024-01-17 14:19:17,579] [Thread-0] (SQLValidatorIntegration.java:68) - Connection is broken: "session closed" [90067-195]
org.h2.message.DbException: Connection is broken: "session closed" [90067-195]
	at org.h2.message.DbException.get(DbException.java:179) ~[h2-1.4.195.jar:1.4.195]
	at org.h2.message.DbException.get(DbException.java:155) ~[h2-1.4.195.jar:1.4.195]
	at org.h2.engine.Session.prepareLocal(Session.java:550) ~[h2-1.4.195.jar:1.4.195]
	at org.h2.engine.Session.prepareCommand(Session.java:514) ~[h2-1.4.195.jar:1.4.195]
	at ch.epfl.gsn.storage.SQLValidator.executeDDL(SQLValidator.java:85) ~[classes/:?]
	at ch.epfl.gsn.vsensor.SQLValidatorIntegration.vsUnLoading(SQLValidatorIntegration.java:66) [classes/:?]
	at ch.epfl.gsn.VSensorLoader.fireVSensorUnLoading(VSensorLoader.java:96) [classes/:?]
	at ch.epfl.gsn.VSensorLoader.removeAllVSResources(VSensorLoader.java:336) [classes/:?]
	at ch.epfl.gsn.VSensorLoader.stopLoading(VSensorLoader.java:513) [classes/:?]
	at ch.epfl.gsn.Main$1.run(Main.java:270) [classes/:?]
Caused by: org.h2.jdbc.JdbcSQLException: Connection is broken: "session closed" [90067-195]
	at org.h2.message.DbException.getJdbcSQLException(DbException.java:345) ~[h2-1.4.195.jar:1.4.195]
	... 10 more
ERROR [2024-01-17 14:19:17,579] [Thread-0] (VSensorLoader.java:97) - Unloading failed !
java.lang.RuntimeException: Unloading : sensormonitorvs is failed.
	at ch.epfl.gsn.VSensorLoader.fireVSensorUnLoading(VSensorLoader.java:97) [classes/:?]
	at ch.epfl.gsn.VSensorLoader.removeAllVSResources(VSensorLoader.java:336) [classes/:?]
	at ch.epfl.gsn.VSensorLoader.stopLoading(VSensorLoader.java:513) [classes/:?]
	at ch.epfl.gsn.Main$1.run(Main.java:270) [classes/:?]
INFO  [2024-01-17 14:19:17,579] [Thread-0] (VSensorLoader.java:514) - Removing the resources associated with : /home/vagrant/gsn/gsn-core/../virtual-sensors/sensorMonitoring.xml [done].
INFO  [2024-01-17 14:19:17,579] [Thread-0] (VSensorLoader.java:329) - Releasing previously used resources used by [systemmonitorvs].
INFO  [2024-01-17 14:19:17,580] [Thread-0] (AbstractWrapper.java:414) - dispose called
ERROR [2024-01-17 14:19:17,580] [Thread-0] (SQLValidatorIntegration.java:68) - Connection is broken: "session closed" [90067-195]
org.h2.message.DbException: Connection is broken: "session closed" [90067-195]
	at org.h2.message.DbException.get(DbException.java:179) ~[h2-1.4.195.jar:1.4.195]
	at org.h2.message.DbException.get(DbException.java:155) ~[h2-1.4.195.jar:1.4.195]
	at org.h2.engine.Session.prepareLocal(Session.java:550) ~[h2-1.4.195.jar:1.4.195]
	at org.h2.engine.Session.prepareCommand(Session.java:514) ~[h2-1.4.195.jar:1.4.195]
	at ch.epfl.gsn.storage.SQLValidator.executeDDL(SQLValidator.java:85) ~[classes/:?]
	at ch.epfl.gsn.vsensor.SQLValidatorIntegration.vsUnLoading(SQLValidatorIntegration.java:66) [classes/:?]
	at ch.epfl.gsn.VSensorLoader.fireVSensorUnLoading(VSensorLoader.java:96) [classes/:?]
	at ch.epfl.gsn.VSensorLoader.removeAllVSResources(VSensorLoader.java:336) [classes/:?]
	at ch.epfl.gsn.VSensorLoader.stopLoading(VSensorLoader.java:513) [classes/:?]
	at ch.epfl.gsn.Main$1.run(Main.java:270) [classes/:?]
Caused by: org.h2.jdbc.JdbcSQLException: Connection is broken: "session closed" [90067-195]
	at org.h2.message.DbException.getJdbcSQLException(DbException.java:345) ~[h2-1.4.195.jar:1.4.195]
	... 10 more
ERROR [2024-01-17 14:19:17,581] [Thread-0] (VSensorLoader.java:97) - Unloading failed !
java.lang.RuntimeException: Unloading : systemmonitorvs is failed.
	at ch.epfl.gsn.VSensorLoader.fireVSensorUnLoading(VSensorLoader.java:97) [classes/:?]
	at ch.epfl.gsn.VSensorLoader.removeAllVSResources(VSensorLoader.java:336) [classes/:?]
	at ch.epfl.gsn.VSensorLoader.stopLoading(VSensorLoader.java:513) [classes/:?]
	at ch.epfl.gsn.Main$1.run(Main.java:270) [classes/:?]
INFO  [2024-01-17 14:19:17,582] [Thread-0] (VSensorLoader.java:514) - Removing the resources associated with : /home/vagrant/gsn/gsn-core/../virtual-sensors/systemMonitoring.xml [done].
WARN  [2024-01-17 14:19:17,584] [Thread-0] (H2StorageManager.java:212) - Closing the database server (for HSqlDB) [done].
WARN  [2024-01-17 14:19:17,584] [Thread-0] (H2StorageManager.java:213) - Closing the connection pool [done].
WARN  [2024-01-17 14:19:17,584] [Thread-0] (StorageManager.java:384) - Closing the connection pool [done].
WARN  [2024-01-17 14:19:17,626] [Thread-0] (H2StorageManager.java:212) - Closing the database server (for HSqlDB) [done].
WARN  [2024-01-17 14:19:17,626] [Thread-0] (H2StorageManager.java:213) - Closing the connection pool [done].
WARN  [2024-01-17 14:19:17,626] [Thread-0] (StorageManager.java:384) - Closing the connection pool [done].
WARN  [2024-01-17 14:19:17,670] [Thread-0] (H2StorageManager.java:212) - Closing the database server (for HSqlDB) [done].
WARN  [2024-01-17 14:19:17,670] [Thread-0] (H2StorageManager.java:213) - Closing the connection pool [done].
WARN  [2024-01-17 14:19:17,670] [Thread-0] (StorageManager.java:384) - Closing the connection pool [done].
WARN  [2024-01-17 14:19:17,719] [Thread-0] (H2StorageManager.java:212) - Closing the database server (for HSqlDB) [done].
WARN  [2024-01-17 14:19:17,719] [Thread-0] (H2StorageManager.java:213) - Closing the connection pool [done].
WARN  [2024-01-17 14:19:17,719] [Thread-0] (StorageManager.java:384) - Closing the connection pool [done].
WARN  [2024-01-17 14:19:17,782] [Thread-0] (H2StorageManager.java:212) - Closing the database server (for HSqlDB) [done].
WARN  [2024-01-17 14:19:17,782] [Thread-0] (H2StorageManager.java:213) - Closing the connection pool [done].
WARN  [2024-01-17 14:19:17,782] [Thread-0] (StorageManager.java:384) - Closing the connection pool [done].
WARN  [2024-01-17 14:19:17,852] [Thread-0] (H2StorageManager.java:212) - Closing the database server (for HSqlDB) [done].
WARN  [2024-01-17 14:19:17,852] [Thread-0] (H2StorageManager.java:213) - Closing the connection pool [done].
WARN  [2024-01-17 14:19:17,852] [Thread-0] (StorageManager.java:384) - Closing the connection pool [done].
INFO  [2024-01-17 14:19:17,853] [Thread-0] (Main.java:271) - All virtual sensors have been stopped, shutting down virtual machine.
INFO  [2024-01-17 15:14:12,600] [main] (Main.java:309) - Loading wrappers.properties at : ../conf/wrappers.properties
INFO  [2024-01-17 15:14:12,601] [main] (Main.java:311) - Wrappers initialization ...
INFO  [2024-01-17 15:14:12,757] [main] (DataSources.java:58) - Created a DataSource to: jdbc:h2:/tmp/GsnMemDb;AUTO_SERVER=TRUE
INFO  [2024-01-17 15:14:13,017] [main] (StorageManager.java:79) - StorageManager DB connection initialized successfuly. driver:org.h2.Driver url:jdbc:h2:/tmp/GsnMemDb;AUTO_SERVER=TRUE
INFO  [2024-01-17 15:14:13,018] [main] (StorageManager.java:79) - StorageManager DB connection initialized successfuly. driver:org.h2.Driver url:jdbc:h2:/tmp/GsnMemDb;AUTO_SERVER=TRUE
INFO  [2024-01-17 15:14:13,018] [main] (DataSources.java:58) - Created a DataSource to: jdbc:h2:mem:validator
INFO  [2024-01-17 15:14:13,022] [main] (StorageManager.java:79) - StorageManager DB connection initialized successfuly. driver:org.h2.Driver url:jdbc:h2:mem:validator
INFO  [2024-01-17 15:14:13,255] [VSensorLoader-Thread0] (VSensorLoader.java:247) - Reusing the existing multiformattemperaturehandler table.
INFO  [2024-01-17 15:14:13,262] [VSensorLoader-Thread0] (VSensorLoader.java:264) - adding : multiformattemperaturehandler virtual sensor[/home/vagrant/gsn/gsn-core/../virtual-sensors/multiFormatSample.xml]
INFO  [2024-01-17 15:14:13,262] [VSensorLoader-Thread0] (Mappings.java:55) - Testing the pool for :multiformattemperaturehandler
INFO  [2024-01-17 15:14:13,270] [VSensorLoader-Thread0] (DataDistributer.java:125) - Adding a listener to Distributer:DefaultDistributionRequest Request[[ Delivery System: ch.epfl.gsn.networking.zeromq.ZeroMQDeliveryAsync],[Query:select * from multiformattemperaturehandler],[startTime:1705504453268],[VirtualSensorName:multiformattemperaturehandler]]
INFO  [2024-01-17 15:14:13,283] [VSensorLoader-Thread0] (VSensorLoader.java:247) - Reusing the existing multiformattemperaturehandler1 table.
INFO  [2024-01-17 15:14:13,283] [VSensorLoader-Thread0] (VSensorLoader.java:264) - adding : multiformattemperaturehandler1 virtual sensor[/home/vagrant/gsn/gsn-core/../virtual-sensors/multiFormatSample1.xml]
INFO  [2024-01-17 15:14:13,283] [VSensorLoader-Thread0] (Mappings.java:55) - Testing the pool for :multiformattemperaturehandler1
INFO  [2024-01-17 15:14:13,284] [VSensorLoader-Thread0] (DataDistributer.java:125) - Adding a listener to Distributer:DefaultDistributionRequest Request[[ Delivery System: ch.epfl.gsn.networking.zeromq.ZeroMQDeliveryAsync],[Query:select * from multiformattemperaturehandler1],[startTime:1705504453284],[VirtualSensorName:multiformattemperaturehandler1]]
INFO  [2024-01-17 15:14:13,320] [VSensorLoader-Thread0] (VSensorLoader.java:247) - Reusing the existing multiformattemperaturehandlerzeromq table.
INFO  [2024-01-17 15:14:13,320] [VSensorLoader-Thread0] (VSensorLoader.java:264) - adding : multiformattemperaturehandlerzeromq virtual sensor[/home/vagrant/gsn/gsn-core/../virtual-sensors/multiFormatZeromq.xml]
INFO  [2024-01-17 15:14:13,320] [VSensorLoader-Thread0] (Mappings.java:55) - Testing the pool for :multiformattemperaturehandlerzeromq
INFO  [2024-01-17 15:14:13,423] [VSensorLoader-Thread0] (DataDistributer.java:125) - Adding a listener to Distributer:DefaultDistributionRequest Request[[ Delivery System: ch.epfl.gsn.networking.zeromq.ZeroMQDeliveryAsync],[Query:select * from multiformattemperaturehandlerzeromq],[startTime:1705504453423],[VirtualSensorName:multiformattemperaturehandlerzeromq]]
INFO  [2024-01-17 15:14:13,429] [VSensorLoader-Thread0] (VSensorLoader.java:247) - Reusing the existing sensormonitorvs table.
INFO  [2024-01-17 15:14:13,429] [VSensorLoader-Thread0] (VSensorLoader.java:264) - adding : sensormonitorvs virtual sensor[/home/vagrant/gsn/gsn-core/../virtual-sensors/sensorMonitoring.xml]
INFO  [2024-01-17 15:14:13,429] [VSensorLoader-Thread0] (Mappings.java:55) - Testing the pool for :sensormonitorvs
INFO  [2024-01-17 15:14:13,431] [VSensorLoader-Thread0] (DataDistributer.java:125) - Adding a listener to Distributer:DefaultDistributionRequest Request[[ Delivery System: ch.epfl.gsn.networking.zeromq.ZeroMQDeliveryAsync],[Query:select * from sensormonitorvs],[startTime:1705504453430],[VirtualSensorName:sensormonitorvs]]
INFO  [2024-01-17 15:14:13,438] [VSensorLoader-Thread0] (VSensorLoader.java:247) - Reusing the existing systemmonitorvs table.
INFO  [2024-01-17 15:14:13,438] [VSensorLoader-Thread0] (VSensorLoader.java:264) - adding : systemmonitorvs virtual sensor[/home/vagrant/gsn/gsn-core/../virtual-sensors/systemMonitoring.xml]
INFO  [2024-01-17 15:14:13,438] [VSensorLoader-Thread0] (Mappings.java:55) - Testing the pool for :systemmonitorvs
INFO  [2024-01-17 15:14:13,439] [VSensorLoader-Thread0] (DataDistributer.java:125) - Adding a listener to Distributer:DefaultDistributionRequest Request[[ Delivery System: ch.epfl.gsn.networking.zeromq.ZeroMQDeliveryAsync],[Query:select * from systemmonitorvs],[startTime:1705504453438],[VirtualSensorName:systemmonitorvs]]
INFO  [2024-01-17 15:31:17,721] [main] (Main.java:309) - Loading wrappers.properties at : ../conf/wrappers.properties
INFO  [2024-01-17 15:31:17,723] [main] (Main.java:311) - Wrappers initialization ...
INFO  [2024-01-17 15:31:17,928] [main] (DataSources.java:58) - Created a DataSource to: jdbc:h2:/tmp/GsnMemDb;AUTO_SERVER=TRUE
INFO  [2024-01-17 15:31:18,179] [main] (StorageManager.java:79) - StorageManager DB connection initialized successfuly. driver:org.h2.Driver url:jdbc:h2:/tmp/GsnMemDb;AUTO_SERVER=TRUE
INFO  [2024-01-17 15:31:18,180] [main] (StorageManager.java:79) - StorageManager DB connection initialized successfuly. driver:org.h2.Driver url:jdbc:h2:/tmp/GsnMemDb;AUTO_SERVER=TRUE
INFO  [2024-01-17 15:31:18,180] [main] (DataSources.java:58) - Created a DataSource to: jdbc:h2:mem:validator
INFO  [2024-01-17 15:31:18,183] [main] (StorageManager.java:79) - StorageManager DB connection initialized successfuly. driver:org.h2.Driver url:jdbc:h2:mem:validator
INFO  [2024-01-17 15:31:18,382] [VSensorLoader-Thread0] (VSensorLoader.java:264) - adding : multiformattemperaturehandler virtual sensor[/home/vagrant/gsn/gsn-core/../virtual-sensors/multiFormatSample.xml]
INFO  [2024-01-17 15:31:18,385] [VSensorLoader-Thread0] (Mappings.java:55) - Testing the pool for :multiformattemperaturehandler
INFO  [2024-01-17 15:31:18,395] [VSensorLoader-Thread0] (DataDistributer.java:125) - Adding a listener to Distributer:DefaultDistributionRequest Request[[ Delivery System: ch.epfl.gsn.networking.zeromq.ZeroMQDeliveryAsync],[Query:select * from multiformattemperaturehandler],[startTime:1705505478393],[VirtualSensorName:multiformattemperaturehandler]]
INFO  [2024-01-17 15:31:49,677] [Thread-0] (Main.java:276) - Shutting down GSN...
INFO  [2024-01-17 15:31:49,680] [Thread-0] (VSensorLoader.java:337) - Releasing previously used resources used by [multiformattemperaturehandler].
INFO  [2024-01-17 15:31:49,725] [Thread-0] (AbstractWrapper.java:414) - dispose called
ERROR [2024-01-17 15:31:49,726] [Thread-0] (SQLValidatorIntegration.java:68) - Connection is broken: "session closed" [90067-195]
org.h2.message.DbException: Connection is broken: "session closed" [90067-195]
	at org.h2.message.DbException.get(DbException.java:179) ~[h2-1.4.195.jar:1.4.195]
	at org.h2.message.DbException.get(DbException.java:155) ~[h2-1.4.195.jar:1.4.195]
	at org.h2.engine.Session.prepareLocal(Session.java:550) ~[h2-1.4.195.jar:1.4.195]
	at org.h2.engine.Session.prepareCommand(Session.java:514) ~[h2-1.4.195.jar:1.4.195]
	at ch.epfl.gsn.storage.SQLValidator.executeDDL(SQLValidator.java:85) ~[classes/:?]
	at ch.epfl.gsn.vsensor.SQLValidatorIntegration.vsUnLoading(SQLValidatorIntegration.java:66) [classes/:?]
	at ch.epfl.gsn.VSensorLoader.fireVSensorUnLoading(VSensorLoader.java:95) [classes/:?]
	at ch.epfl.gsn.VSensorLoader.removeAllVSResources(VSensorLoader.java:345) [classes/:?]
	at ch.epfl.gsn.VSensorLoader.stopLoading(VSensorLoader.java:530) [classes/:?]
	at ch.epfl.gsn.Main$1.run(Main.java:278) [classes/:?]
Caused by: org.h2.jdbc.JdbcSQLException: Connection is broken: "session closed" [90067-195]
	at org.h2.message.DbException.getJdbcSQLException(DbException.java:345) ~[h2-1.4.195.jar:1.4.195]
	... 10 more
ERROR [2024-01-17 15:31:49,735] [Thread-0] (VSensorLoader.java:96) - Unloading failed !
java.lang.RuntimeException: Unloading : multiformattemperaturehandler is failed.
	at ch.epfl.gsn.VSensorLoader.fireVSensorUnLoading(VSensorLoader.java:96) [classes/:?]
	at ch.epfl.gsn.VSensorLoader.removeAllVSResources(VSensorLoader.java:345) [classes/:?]
	at ch.epfl.gsn.VSensorLoader.stopLoading(VSensorLoader.java:530) [classes/:?]
	at ch.epfl.gsn.Main$1.run(Main.java:278) [classes/:?]
INFO  [2024-01-17 15:31:49,735] [Thread-0] (VSensorLoader.java:531) - Removing the resources associated with : /home/vagrant/gsn/gsn-core/../virtual-sensors/multiFormatSample.xml [done].
WARN  [2024-01-17 15:31:49,738] [Thread-0] (H2StorageManager.java:212) - Closing the database server (for HSqlDB) [done].
WARN  [2024-01-17 15:31:49,738] [Thread-0] (H2StorageManager.java:213) - Closing the connection pool [done].
WARN  [2024-01-17 15:31:49,738] [Thread-0] (StorageManager.java:384) - Closing the connection pool [done].
WARN  [2024-01-17 15:31:49,805] [Thread-0] (H2StorageManager.java:212) - Closing the database server (for HSqlDB) [done].
WARN  [2024-01-17 15:31:49,805] [Thread-0] (H2StorageManager.java:213) - Closing the connection pool [done].
WARN  [2024-01-17 15:31:49,805] [Thread-0] (StorageManager.java:384) - Closing the connection pool [done].
INFO  [2024-01-17 15:31:49,805] [Thread-0] (Main.java:279) - All virtual sensors have been stopped, shutting down virtual machine.
INFO  [2024-01-17 15:58:01,680] [main] (Main.java:309) - Loading wrappers.properties at : ../conf/wrappers.properties
INFO  [2024-01-17 15:58:01,684] [main] (Main.java:311) - Wrappers initialization ...
INFO  [2024-01-17 15:58:01,834] [main] (DataSources.java:58) - Created a DataSource to: jdbc:h2:/tmp/GsnMemDb;AUTO_SERVER=TRUE
INFO  [2024-01-17 15:58:02,091] [main] (StorageManager.java:79) - StorageManager DB connection initialized successfuly. driver:org.h2.Driver url:jdbc:h2:/tmp/GsnMemDb;AUTO_SERVER=TRUE
INFO  [2024-01-17 15:58:02,091] [main] (StorageManager.java:79) - StorageManager DB connection initialized successfuly. driver:org.h2.Driver url:jdbc:h2:/tmp/GsnMemDb;AUTO_SERVER=TRUE
INFO  [2024-01-17 15:58:02,091] [main] (DataSources.java:58) - Created a DataSource to: jdbc:h2:mem:validator
INFO  [2024-01-17 15:58:02,094] [main] (StorageManager.java:79) - StorageManager DB connection initialized successfuly. driver:org.h2.Driver url:jdbc:h2:mem:validator
INFO  [2024-01-17 15:58:02,250] [VSensorLoader-Thread0] (VSensorLoader.java:264) - adding : multiformattemperaturehandler virtual sensor[/home/vagrant/gsn/gsn-core/../virtual-sensors/multiFormatSample.xml]
INFO  [2024-01-17 15:58:02,251] [VSensorLoader-Thread0] (Mappings.java:55) - Testing the pool for :multiformattemperaturehandler
INFO  [2024-01-17 15:58:02,257] [VSensorLoader-Thread0] (DataDistributer.java:125) - Adding a listener to Distributer:DefaultDistributionRequest Request[[ Delivery System: ch.epfl.gsn.networking.zeromq.ZeroMQDeliveryAsync],[Query:select * from multiformattemperaturehandler],[startTime:1705507082256],[VirtualSensorName:multiformattemperaturehandler]]
INFO  [2024-01-17 15:58:20,723] [Thread-0] (Main.java:276) - Shutting down GSN...
INFO  [2024-01-17 15:58:20,723] [Thread-0] (VSensorLoader.java:337) - Releasing previously used resources used by [multiformattemperaturehandler].
INFO  [2024-01-17 15:58:20,773] [Thread-0] (AbstractWrapper.java:414) - dispose called
ERROR [2024-01-17 15:58:20,774] [Thread-0] (SQLValidatorIntegration.java:68) - Connection is broken: "session closed" [90067-195]
org.h2.message.DbException: Connection is broken: "session closed" [90067-195]
	at org.h2.message.DbException.get(DbException.java:179) ~[h2-1.4.195.jar:1.4.195]
	at org.h2.message.DbException.get(DbException.java:155) ~[h2-1.4.195.jar:1.4.195]
	at org.h2.engine.Session.prepareLocal(Session.java:550) ~[h2-1.4.195.jar:1.4.195]
	at org.h2.engine.Session.prepareCommand(Session.java:514) ~[h2-1.4.195.jar:1.4.195]
	at ch.epfl.gsn.storage.SQLValidator.executeDDL(SQLValidator.java:85) ~[classes/:?]
	at ch.epfl.gsn.vsensor.SQLValidatorIntegration.vsUnLoading(SQLValidatorIntegration.java:66) [classes/:?]
	at ch.epfl.gsn.VSensorLoader.fireVSensorUnLoading(VSensorLoader.java:95) [classes/:?]
	at ch.epfl.gsn.VSensorLoader.removeAllVSResources(VSensorLoader.java:345) [classes/:?]
	at ch.epfl.gsn.VSensorLoader.stopLoading(VSensorLoader.java:530) [classes/:?]
	at ch.epfl.gsn.Main$1.run(Main.java:278) [classes/:?]
Caused by: org.h2.jdbc.JdbcSQLException: Connection is broken: "session closed" [90067-195]
	at org.h2.message.DbException.getJdbcSQLException(DbException.java:345) ~[h2-1.4.195.jar:1.4.195]
	... 10 more
ERROR [2024-01-17 15:58:20,778] [Thread-0] (VSensorLoader.java:96) - Unloading failed !
java.lang.RuntimeException: Unloading : multiformattemperaturehandler is failed.
	at ch.epfl.gsn.VSensorLoader.fireVSensorUnLoading(VSensorLoader.java:96) [classes/:?]
	at ch.epfl.gsn.VSensorLoader.removeAllVSResources(VSensorLoader.java:345) [classes/:?]
	at ch.epfl.gsn.VSensorLoader.stopLoading(VSensorLoader.java:530) [classes/:?]
	at ch.epfl.gsn.Main$1.run(Main.java:278) [classes/:?]
INFO  [2024-01-17 15:58:20,778] [Thread-0] (VSensorLoader.java:531) - Removing the resources associated with : /home/vagrant/gsn/gsn-core/../virtual-sensors/multiFormatSample.xml [done].
WARN  [2024-01-17 15:58:20,780] [Thread-0] (H2StorageManager.java:212) - Closing the database server (for HSqlDB) [done].
WARN  [2024-01-17 15:58:20,780] [Thread-0] (H2StorageManager.java:213) - Closing the connection pool [done].
WARN  [2024-01-17 15:58:20,780] [Thread-0] (StorageManager.java:384) - Closing the connection pool [done].
WARN  [2024-01-17 15:58:20,824] [Thread-0] (H2StorageManager.java:212) - Closing the database server (for HSqlDB) [done].
WARN  [2024-01-17 15:58:20,825] [Thread-0] (H2StorageManager.java:213) - Closing the connection pool [done].
WARN  [2024-01-17 15:58:20,825] [Thread-0] (StorageManager.java:384) - Closing the connection pool [done].
INFO  [2024-01-17 15:58:20,825] [Thread-0] (Main.java:279) - All virtual sensors have been stopped, shutting down virtual machine.
INFO  [2024-01-17 16:02:39,686] [main] (Main.java:309) - Loading wrappers.properties at : ../conf/wrappers.properties
INFO  [2024-01-17 16:02:39,690] [main] (Main.java:311) - Wrappers initialization ...
INFO  [2024-01-17 16:02:39,839] [main] (DataSources.java:58) - Created a DataSource to: jdbc:h2:/tmp/GsnMemDb;AUTO_SERVER=TRUE
INFO  [2024-01-17 16:02:40,077] [main] (StorageManager.java:79) - StorageManager DB connection initialized successfuly. driver:org.h2.Driver url:jdbc:h2:/tmp/GsnMemDb;AUTO_SERVER=TRUE
INFO  [2024-01-17 16:02:40,078] [main] (StorageManager.java:79) - StorageManager DB connection initialized successfuly. driver:org.h2.Driver url:jdbc:h2:/tmp/GsnMemDb;AUTO_SERVER=TRUE
INFO  [2024-01-17 16:02:40,079] [main] (DataSources.java:58) - Created a DataSource to: jdbc:h2:mem:validator
INFO  [2024-01-17 16:02:40,081] [main] (StorageManager.java:79) - StorageManager DB connection initialized successfuly. driver:org.h2.Driver url:jdbc:h2:mem:validator
INFO  [2024-01-17 16:02:40,208] [VSensorLoader-Thread0] (VSensorLoader.java:247) - Reusing the existing multiformattemperaturehandler table.
INFO  [2024-01-17 16:02:40,211] [VSensorLoader-Thread0] (VSensorLoader.java:264) - adding : multiformattemperaturehandler virtual sensor[/home/vagrant/gsn/gsn-core/../virtual-sensors/multiFormatSample.xml]
INFO  [2024-01-17 16:02:40,211] [VSensorLoader-Thread0] (Mappings.java:55) - Testing the pool for :multiformattemperaturehandler
INFO  [2024-01-17 16:02:40,215] [VSensorLoader-Thread0] (DataDistributer.java:125) - Adding a listener to Distributer:DefaultDistributionRequest Request[[ Delivery System: ch.epfl.gsn.networking.zeromq.ZeroMQDeliveryAsync],[Query:select * from multiformattemperaturehandler],[startTime:1705507360214],[VirtualSensorName:multiformattemperaturehandler]]
INFO  [2024-01-17 16:03:49,239] [Thread-0] (Main.java:276) - Shutting down GSN...
INFO  [2024-01-17 16:03:49,239] [Thread-0] (VSensorLoader.java:337) - Releasing previously used resources used by [multiformattemperaturehandler].
ERROR [2024-01-17 16:03:49,242] [Thread-0] (SQLViewQueryRewriter.java:97) - Database is already closed (to disable automatic closing at VM shutdown, add ";DB_CLOSE_ON_EXIT=FALSE" to the db URL) [90121-195]
org.h2.jdbc.JdbcSQLException: Database is already closed (to disable automatic closing at VM shutdown, add ";DB_CLOSE_ON_EXIT=FALSE" to the db URL) [90121-195]
	at org.h2.message.DbException.getJdbcSQLException(DbException.java:345) ~[h2-1.4.195.jar:1.4.195]
	at org.h2.message.DbException.get(DbException.java:179) ~[h2-1.4.195.jar:1.4.195]
	at org.h2.message.DbException.get(DbException.java:155) ~[h2-1.4.195.jar:1.4.195]
	at org.h2.message.DbException.get(DbException.java:144) ~[h2-1.4.195.jar:1.4.195]
	at org.h2.jdbc.JdbcConnection.checkClosed(JdbcConnection.java:1484) ~[h2-1.4.195.jar:1.4.195]
	at org.h2.jdbc.JdbcConnection.checkClosed(JdbcConnection.java:1459) ~[h2-1.4.195.jar:1.4.195]
	at org.h2.jdbc.JdbcConnection.prepareStatement(JdbcConnection.java:286) ~[h2-1.4.195.jar:1.4.195]
	at org.apache.commons.dbcp2.DelegatingConnection.prepareStatement(DelegatingConnection.java:288) ~[commons-dbcp2-2.0.jar:2.0]
	at org.apache.commons.dbcp2.DelegatingConnection.prepareStatement(DelegatingConnection.java:288) ~[commons-dbcp2-2.0.jar:2.0]
	at ch.epfl.gsn.storage.StorageManager.executeDropView(StorageManager.java:454) ~[classes/:?]
	at ch.epfl.gsn.storage.StorageManager.executeDropView(StorageManager.java:446) ~[classes/:?]
	at ch.epfl.gsn.beans.windowing.SQLViewQueryRewriter.dispose(SQLViewQueryRewriter.java:95) [classes/:?]
	at ch.epfl.gsn.beans.windowing.TupleBasedSlidingHandler.removeStreamSource(TupleBasedSlidingHandler.java:182) [classes/:?]
	at ch.epfl.gsn.wrappers.AbstractWrapper.removeListener(AbstractWrapper.java:134) [classes/:?]
	at ch.epfl.gsn.VSensorLoader.releaseStreamSource(VSensorLoader.java:352) [classes/:?]
	at ch.epfl.gsn.VSensorLoader.removeAllVSResources(VSensorLoader.java:340) [classes/:?]
	at ch.epfl.gsn.VSensorLoader.stopLoading(VSensorLoader.java:530) [classes/:?]
	at ch.epfl.gsn.Main$1.run(Main.java:278) [classes/:?]
INFO  [2024-01-17 16:03:49,245] [Thread-0] (AbstractWrapper.java:414) - dispose called
INFO  [2024-01-17 16:03:49,287] [Thread-0] (StorageManager.java:438) - Cannot drop "__1219805066" because "_1023021552" depends on it; SQL statement:
Drop table if exists __1219805066 [90107-195]
org.h2.jdbc.JdbcSQLException: Cannot drop "__1219805066" because "_1023021552" depends on it; SQL statement:
Drop table if exists __1219805066 [90107-195]
	at org.h2.message.DbException.getJdbcSQLException(DbException.java:345) ~[h2-1.4.195.jar:1.4.195]
	at org.h2.message.DbException.get(DbException.java:179) ~[h2-1.4.195.jar:1.4.195]
	at org.h2.command.ddl.DropTable.prepareDrop(DropTable.java:84) ~[h2-1.4.195.jar:1.4.195]
	at org.h2.command.ddl.DropTable.update(DropTable.java:113) ~[h2-1.4.195.jar:1.4.195]
	at org.h2.command.CommandContainer.update(CommandContainer.java:101) ~[h2-1.4.195.jar:1.4.195]
	at org.h2.command.Command.executeUpdate(Command.java:260) ~[h2-1.4.195.jar:1.4.195]
	at org.h2.jdbc.JdbcPreparedStatement.execute(JdbcPreparedStatement.java:207) ~[h2-1.4.195.jar:1.4.195]
	at org.apache.commons.dbcp2.DelegatingPreparedStatement.execute(DelegatingPreparedStatement.java:197) ~[commons-dbcp2-2.0.jar:2.0]
	at org.apache.commons.dbcp2.DelegatingPreparedStatement.execute(DelegatingPreparedStatement.java:197) ~[commons-dbcp2-2.0.jar:2.0]
	at ch.epfl.gsn.storage.StorageManager.executeDropTable(StorageManager.java:436) [classes/:?]
	at ch.epfl.gsn.storage.StorageManager.executeDropTable(StorageManager.java:420) [classes/:?]
	at ch.epfl.gsn.wrappers.AbstractWrapper.releaseResources(AbstractWrapper.java:419) [classes/:?]
	at ch.epfl.gsn.wrappers.AbstractWrapper.removeListener(AbstractWrapper.java:137) [classes/:?]
	at ch.epfl.gsn.VSensorLoader.releaseStreamSource(VSensorLoader.java:352) [classes/:?]
	at ch.epfl.gsn.VSensorLoader.removeAllVSResources(VSensorLoader.java:340) [classes/:?]
	at ch.epfl.gsn.VSensorLoader.stopLoading(VSensorLoader.java:530) [classes/:?]
	at ch.epfl.gsn.Main$1.run(Main.java:278) [classes/:?]
ERROR [2024-01-17 16:03:49,287] [Thread-0] (SQLValidatorIntegration.java:68) - Connection is broken: "session closed" [90067-195]
org.h2.message.DbException: Connection is broken: "session closed" [90067-195]
	at org.h2.message.DbException.get(DbException.java:179) ~[h2-1.4.195.jar:1.4.195]
	at org.h2.message.DbException.get(DbException.java:155) ~[h2-1.4.195.jar:1.4.195]
	at org.h2.engine.Session.prepareLocal(Session.java:550) ~[h2-1.4.195.jar:1.4.195]
	at org.h2.engine.Session.prepareCommand(Session.java:514) ~[h2-1.4.195.jar:1.4.195]
	at ch.epfl.gsn.storage.SQLValidator.executeDDL(SQLValidator.java:85) ~[classes/:?]
	at ch.epfl.gsn.vsensor.SQLValidatorIntegration.vsUnLoading(SQLValidatorIntegration.java:66) [classes/:?]
	at ch.epfl.gsn.VSensorLoader.fireVSensorUnLoading(VSensorLoader.java:95) [classes/:?]
	at ch.epfl.gsn.VSensorLoader.removeAllVSResources(VSensorLoader.java:345) [classes/:?]
	at ch.epfl.gsn.VSensorLoader.stopLoading(VSensorLoader.java:530) [classes/:?]
	at ch.epfl.gsn.Main$1.run(Main.java:278) [classes/:?]
Caused by: org.h2.jdbc.JdbcSQLException: Connection is broken: "session closed" [90067-195]
	at org.h2.message.DbException.getJdbcSQLException(DbException.java:345) ~[h2-1.4.195.jar:1.4.195]
	... 10 more
ERROR [2024-01-17 16:03:49,288] [Thread-0] (VSensorLoader.java:96) - Unloading failed !
java.lang.RuntimeException: Unloading : multiformattemperaturehandler is failed.
	at ch.epfl.gsn.VSensorLoader.fireVSensorUnLoading(VSensorLoader.java:96) [classes/:?]
	at ch.epfl.gsn.VSensorLoader.removeAllVSResources(VSensorLoader.java:345) [classes/:?]
	at ch.epfl.gsn.VSensorLoader.stopLoading(VSensorLoader.java:530) [classes/:?]
	at ch.epfl.gsn.Main$1.run(Main.java:278) [classes/:?]
INFO  [2024-01-17 16:03:49,288] [Thread-0] (VSensorLoader.java:531) - Removing the resources associated with : /home/vagrant/gsn/gsn-core/../virtual-sensors/multiFormatSample.xml [done].
WARN  [2024-01-17 16:03:49,289] [Thread-0] (H2StorageManager.java:212) - Closing the database server (for HSqlDB) [done].
WARN  [2024-01-17 16:03:49,289] [Thread-0] (H2StorageManager.java:213) - Closing the connection pool [done].
WARN  [2024-01-17 16:03:49,289] [Thread-0] (StorageManager.java:384) - Closing the connection pool [done].
WARN  [2024-01-17 16:03:49,343] [Thread-0] (H2StorageManager.java:212) - Closing the database server (for HSqlDB) [done].
WARN  [2024-01-17 16:03:49,343] [Thread-0] (H2StorageManager.java:213) - Closing the connection pool [done].
WARN  [2024-01-17 16:03:49,343] [Thread-0] (StorageManager.java:384) - Closing the connection pool [done].
INFO  [2024-01-17 16:03:49,343] [Thread-0] (Main.java:279) - All virtual sensors have been stopped, shutting down virtual machine.
INFO  [2024-01-18 07:48:53,650] [main] (Main.java:309) - Loading wrappers.properties at : ../conf/wrappers.properties
INFO  [2024-01-18 07:48:53,652] [main] (Main.java:311) - Wrappers initialization ...
INFO  [2024-01-18 07:48:53,801] [main] (DataSources.java:58) - Created a DataSource to: jdbc:h2:/tmp/GsnMemDb;AUTO_SERVER=TRUE
INFO  [2024-01-18 07:48:54,053] [main] (StorageManager.java:79) - StorageManager DB connection initialized successfuly. driver:org.h2.Driver url:jdbc:h2:/tmp/GsnMemDb;AUTO_SERVER=TRUE
INFO  [2024-01-18 07:48:54,053] [main] (StorageManager.java:79) - StorageManager DB connection initialized successfuly. driver:org.h2.Driver url:jdbc:h2:/tmp/GsnMemDb;AUTO_SERVER=TRUE
INFO  [2024-01-18 07:48:54,054] [main] (DataSources.java:58) - Created a DataSource to: jdbc:h2:mem:validator
INFO  [2024-01-18 07:48:54,059] [main] (StorageManager.java:79) - StorageManager DB connection initialized successfuly. driver:org.h2.Driver url:jdbc:h2:mem:validator
INFO  [2024-01-18 07:48:54,230] [VSensorLoader-Thread0] (VSensorLoader.java:264) - adding : multiformattemperaturehandler virtual sensor[/home/vagrant/gsn/gsn-core/../virtual-sensors/multiFormatSample.xml]
INFO  [2024-01-18 07:48:54,231] [VSensorLoader-Thread0] (Mappings.java:55) - Testing the pool for :multiformattemperaturehandler
INFO  [2024-01-18 07:48:54,243] [VSensorLoader-Thread0] (DataDistributer.java:125) - Adding a listener to Distributer:DefaultDistributionRequest Request[[ Delivery System: ch.epfl.gsn.networking.zeromq.ZeroMQDeliveryAsync],[Query:select * from multiformattemperaturehandler],[startTime:1705564134241],[VirtualSensorName:multiformattemperaturehandler]]
INFO  [2024-01-18 07:49:03,171] [Thread-0] (Main.java:276) - Shutting down GSN...
INFO  [2024-01-18 07:49:03,171] [Thread-0] (VSensorLoader.java:337) - Releasing previously used resources used by [multiformattemperaturehandler].
ERROR [2024-01-18 07:49:03,179] [Thread-0] (SQLViewQueryRewriter.java:97) - Database is already closed (to disable automatic closing at VM shutdown, add ";DB_CLOSE_ON_EXIT=FALSE" to the db URL) [90121-195]
org.h2.jdbc.JdbcSQLException: Database is already closed (to disable automatic closing at VM shutdown, add ";DB_CLOSE_ON_EXIT=FALSE" to the db URL) [90121-195]
	at org.h2.message.DbException.getJdbcSQLException(DbException.java:345) ~[h2-1.4.195.jar:1.4.195]
	at org.h2.message.DbException.get(DbException.java:179) ~[h2-1.4.195.jar:1.4.195]
	at org.h2.message.DbException.get(DbException.java:155) ~[h2-1.4.195.jar:1.4.195]
	at org.h2.message.DbException.get(DbException.java:144) ~[h2-1.4.195.jar:1.4.195]
	at org.h2.jdbc.JdbcConnection.checkClosed(JdbcConnection.java:1484) ~[h2-1.4.195.jar:1.4.195]
	at org.h2.jdbc.JdbcConnection.checkClosed(JdbcConnection.java:1459) ~[h2-1.4.195.jar:1.4.195]
	at org.h2.jdbc.JdbcConnection.prepareStatement(JdbcConnection.java:286) ~[h2-1.4.195.jar:1.4.195]
	at org.apache.commons.dbcp2.DelegatingConnection.prepareStatement(DelegatingConnection.java:288) ~[commons-dbcp2-2.0.jar:2.0]
	at org.apache.commons.dbcp2.DelegatingConnection.prepareStatement(DelegatingConnection.java:288) ~[commons-dbcp2-2.0.jar:2.0]
	at ch.epfl.gsn.storage.StorageManager.executeDropView(StorageManager.java:466) ~[classes/:?]
	at ch.epfl.gsn.storage.StorageManager.executeDropView(StorageManager.java:458) ~[classes/:?]
	at ch.epfl.gsn.beans.windowing.SQLViewQueryRewriter.dispose(SQLViewQueryRewriter.java:95) [classes/:?]
	at ch.epfl.gsn.beans.windowing.TupleBasedSlidingHandler.removeStreamSource(TupleBasedSlidingHandler.java:182) [classes/:?]
	at ch.epfl.gsn.wrappers.AbstractWrapper.removeListener(AbstractWrapper.java:136) [classes/:?]
	at ch.epfl.gsn.VSensorLoader.releaseStreamSource(VSensorLoader.java:352) [classes/:?]
	at ch.epfl.gsn.VSensorLoader.removeAllVSResources(VSensorLoader.java:340) [classes/:?]
	at ch.epfl.gsn.VSensorLoader.stopLoading(VSensorLoader.java:530) [classes/:?]
	at ch.epfl.gsn.Main$1.run(Main.java:278) [classes/:?]
INFO  [2024-01-18 07:49:03,183] [Thread-0] (AbstractWrapper.java:426) - dispose called
INFO  [2024-01-18 07:49:03,229] [Thread-0] (StorageManager.java:450) - Cannot drop "_760547722" because "_1081417400" depends on it; SQL statement:
Drop table if exists _760547722 [90107-195]
org.h2.jdbc.JdbcSQLException: Cannot drop "_760547722" because "_1081417400" depends on it; SQL statement:
Drop table if exists _760547722 [90107-195]
	at org.h2.message.DbException.getJdbcSQLException(DbException.java:345) ~[h2-1.4.195.jar:1.4.195]
	at org.h2.message.DbException.get(DbException.java:179) ~[h2-1.4.195.jar:1.4.195]
	at org.h2.command.ddl.DropTable.prepareDrop(DropTable.java:84) ~[h2-1.4.195.jar:1.4.195]
	at org.h2.command.ddl.DropTable.update(DropTable.java:113) ~[h2-1.4.195.jar:1.4.195]
	at org.h2.command.CommandContainer.update(CommandContainer.java:101) ~[h2-1.4.195.jar:1.4.195]
	at org.h2.command.Command.executeUpdate(Command.java:260) ~[h2-1.4.195.jar:1.4.195]
	at org.h2.jdbc.JdbcPreparedStatement.execute(JdbcPreparedStatement.java:207) ~[h2-1.4.195.jar:1.4.195]
	at org.apache.commons.dbcp2.DelegatingPreparedStatement.execute(DelegatingPreparedStatement.java:197) ~[commons-dbcp2-2.0.jar:2.0]
	at org.apache.commons.dbcp2.DelegatingPreparedStatement.execute(DelegatingPreparedStatement.java:197) ~[commons-dbcp2-2.0.jar:2.0]
	at ch.epfl.gsn.storage.StorageManager.executeDropTable(StorageManager.java:448) [classes/:?]
	at ch.epfl.gsn.storage.StorageManager.executeDropTable(StorageManager.java:432) [classes/:?]
	at ch.epfl.gsn.wrappers.AbstractWrapper.releaseResources(AbstractWrapper.java:431) [classes/:?]
	at ch.epfl.gsn.wrappers.AbstractWrapper.removeListener(AbstractWrapper.java:140) [classes/:?]
	at ch.epfl.gsn.VSensorLoader.releaseStreamSource(VSensorLoader.java:352) [classes/:?]
	at ch.epfl.gsn.VSensorLoader.removeAllVSResources(VSensorLoader.java:340) [classes/:?]
	at ch.epfl.gsn.VSensorLoader.stopLoading(VSensorLoader.java:530) [classes/:?]
	at ch.epfl.gsn.Main$1.run(Main.java:278) [classes/:?]
ERROR [2024-01-18 07:49:03,229] [Thread-0] (SQLValidatorIntegration.java:68) - Connection is broken: "session closed" [90067-195]
org.h2.message.DbException: Connection is broken: "session closed" [90067-195]
	at org.h2.message.DbException.get(DbException.java:179) ~[h2-1.4.195.jar:1.4.195]
	at org.h2.message.DbException.get(DbException.java:155) ~[h2-1.4.195.jar:1.4.195]
	at org.h2.engine.Session.prepareLocal(Session.java:550) ~[h2-1.4.195.jar:1.4.195]
	at org.h2.engine.Session.prepareCommand(Session.java:514) ~[h2-1.4.195.jar:1.4.195]
	at ch.epfl.gsn.storage.SQLValidator.executeDDL(SQLValidator.java:87) ~[classes/:?]
	at ch.epfl.gsn.vsensor.SQLValidatorIntegration.vsUnLoading(SQLValidatorIntegration.java:66) [classes/:?]
	at ch.epfl.gsn.VSensorLoader.fireVSensorUnLoading(VSensorLoader.java:95) [classes/:?]
	at ch.epfl.gsn.VSensorLoader.removeAllVSResources(VSensorLoader.java:345) [classes/:?]
	at ch.epfl.gsn.VSensorLoader.stopLoading(VSensorLoader.java:530) [classes/:?]
	at ch.epfl.gsn.Main$1.run(Main.java:278) [classes/:?]
Caused by: org.h2.jdbc.JdbcSQLException: Connection is broken: "session closed" [90067-195]
	at org.h2.message.DbException.getJdbcSQLException(DbException.java:345) ~[h2-1.4.195.jar:1.4.195]
	... 10 more
ERROR [2024-01-18 07:49:03,230] [Thread-0] (VSensorLoader.java:96) - Unloading failed !
java.lang.RuntimeException: Unloading : multiformattemperaturehandler is failed.
	at ch.epfl.gsn.VSensorLoader.fireVSensorUnLoading(VSensorLoader.java:96) [classes/:?]
	at ch.epfl.gsn.VSensorLoader.removeAllVSResources(VSensorLoader.java:345) [classes/:?]
	at ch.epfl.gsn.VSensorLoader.stopLoading(VSensorLoader.java:530) [classes/:?]
	at ch.epfl.gsn.Main$1.run(Main.java:278) [classes/:?]
INFO  [2024-01-18 07:49:03,230] [Thread-0] (VSensorLoader.java:531) - Removing the resources associated with : /home/vagrant/gsn/gsn-core/../virtual-sensors/multiFormatSample.xml [done].
WARN  [2024-01-18 07:49:03,234] [Thread-0] (H2StorageManager.java:214) - Closing the database server (for HSqlDB) [done].
WARN  [2024-01-18 07:49:03,234] [Thread-0] (H2StorageManager.java:215) - Closing the connection pool [done].
WARN  [2024-01-18 07:49:03,234] [Thread-0] (StorageManager.java:396) - Closing the connection pool [done].
WARN  [2024-01-18 07:49:03,329] [Thread-0] (H2StorageManager.java:214) - Closing the database server (for HSqlDB) [done].
WARN  [2024-01-18 07:49:03,330] [Thread-0] (H2StorageManager.java:215) - Closing the connection pool [done].
WARN  [2024-01-18 07:49:03,330] [Thread-0] (StorageManager.java:396) - Closing the connection pool [done].
INFO  [2024-01-18 07:49:03,330] [Thread-0] (Main.java:279) - All virtual sensors have been stopped, shutting down virtual machine.
